============================================================
ONE CLICK BUILD started: Thu 01/29/2026 16:20:25.50
Packaging folder: C:\Users\Sidscri\Documents\GitHub\sidscri-apps\KenpoFlashcardsWebServer_Packaged\packaging\
One-click folder: C:\Users\Sidscri\Documents\GitHub\sidscri-apps\KenpoFlashcardsWebServer_Packaged\packaging\one_click\
============================================================
[PROGRESS] 0% - Starting...
[PROGRESS] 10% - STEP 1/3: Pre Build of Build_Data

------------------------------------------------------------
[Thu 01/29/2026 16:20:25.60] STEP 1/3: Pre Build of Build_Data
SCRIPT: C:\Users\Sidscri\Documents\GitHub\sidscri-apps\KenpoFlashcardsWebServer_Packaged\packaging\one_click\1. pre_build_one_click.bat
ARGS  : --nopause
------------------------------------------------------------
============================================================
PRE BUILD started: Thu 01/29/2026 16:20:26.04
Project root : C:\Users\Sidscri\Documents\GitHub\sidscri-apps\KenpoFlashcardsWebServer_Packaged
Packaging    : C:\Users\Sidscri\Documents\GitHub\sidscri-apps\KenpoFlashcardsWebServer_Packaged\packaging
Build data   : C:\Users\Sidscri\Documents\GitHub\sidscri-apps\KenpoFlashcardsWebServer_Packaged\packaging\build_data
Local data   : C:\Users\Sidscri\AppData\Local\Advanced Flashcards WebApp Server\data
Log file     : C:\Users\Sidscri\Documents\GitHub\sidscri-apps\KenpoFlashcardsWebServer_Packaged\packaging\logs\pre_build_20260129_162026.log
============================================================
[INFO] Using LOCALAPPDATA data
[INFO] robocopy \"C:\Users\Sidscri\AppData\Local\Advanced
[INFO] robocopy exit=0
[INFO] Wrote flag: C:\Users\Sidscri\Documents\GitHub\sidscri-apps\KenpoFlashcardsWebServer_Packaged\packaging\build_data\.from_local.flag
[OK] Data staged successfully.

[OK] Pre-build completed successfully.
[INFO] Log: "C:\Users\Sidscri\Documents\GitHub\sidscri-apps\KenpoFlashcardsWebServer_Packaged\packaging\logs\pre_build_20260129_162026.log"

[ExitCode=0]
[PROGRESS] 100% - FAILED

ONE CLICK BUILD FAILED: Thu 01/29/2026 16:20:26.26
