============================================================
ONE CLICK BUILD started: Thu 01/29/2026 16:25:18.72
Packaging folder: C:\Users\Sidscri\Documents\GitHub\sidscri-apps\KenpoFlashcardsWebServer_Packaged\packaging\
One-click folder: C:\Users\Sidscri\Documents\GitHub\sidscri-apps\KenpoFlashcardsWebServer_Packaged\packaging\one_click\
Master log     : C:\Users\Sidscri\Documents\GitHub\sidscri-apps\KenpoFlashcardsWebServer_Packaged\packaging\logs\build_all_20260129_162518.log
============================================================
[PROGRESS] 0% - Starting...
[PROGRESS] 10% - STEP 1/3: Pre Build of Build_Data

[STEP 1] Pre Build started: Thu 01/29/2026 16:25:18.81
[STEP 1] ExitCode=0
[STEP 1] Pre Build complete: Thu 01/29/2026 16:25:19.41
[PROGRESS] 33% - Pre Build complete
[PROGRESS] 40% - STEP 2/3: Build EXE

[STEP 2] Build EXE started: Thu 01/29/2026 16:25:19.45
[STEP 2] ExitCode=0
[STEP 2] Build EXE complete: Thu 01/29/2026 16:27:00.05
[PROGRESS] 66% - Build EXE complete
[PROGRESS] 75% - STEP 3/3: Build Installer (Inno)

[STEP 3] Build Installer started: Thu 01/29/2026 16:27:00.10
[STEP 3] ExitCode=1
[STEP 3] FAILED
[PROGRESS] 100% - FAILED at Inno installer

ONE CLICK BUILD FAILED: Thu 01/29/2026 16:27:01.08
