============================================================
ONE CLICK BUILD started: Thu 02/05/2026 18:52:54.67
Packaging folder: C:\Users\Sidscri\Documents\GitHub\sidscri-apps\KenpoFlashcardsWebServer_Packaged\packaging\
One-click folder: C:\Users\Sidscri\Documents\GitHub\sidscri-apps\KenpoFlashcardsWebServer_Packaged\packaging\one_click\
Master log     : C:\Users\Sidscri\Documents\GitHub\sidscri-apps\KenpoFlashcardsWebServer_Packaged\packaging\logs\build_all_20260205_185254.log
============================================================
[PROGRESS] 0% - Starting...
[PROGRESS] 10% - STEP 1/3: Pre Build of Build_Data

[STEP 1] Pre Build started: Thu 02/05/2026 18:52:54.71
[STEP 1] ExitCode=0
[STEP 1] Pre Build complete: Thu 02/05/2026 18:52:55.35
[PROGRESS] 33% - Pre Build complete
[PROGRESS] 40% - STEP 2/3: Build EXE

[STEP 2] Build EXE started: Thu 02/05/2026 18:52:55.39
[STEP 2] ExitCode=0
[STEP 2] Build EXE complete: Thu 02/05/2026 18:54:24.65
[PROGRESS] 66% - Build EXE complete
[PROGRESS] 75% - STEP 3/3: Build Installer (Inno)

[STEP 3] Build Installer started: Thu 02/05/2026 18:54:24.67
[STEP 3] ExitCode=0
[STEP 3] Build Installer complete: Thu 02/05/2026 18:54:31.15
[PROGRESS] 100% - ALL DONE

ONE CLICK BUILD SUCCESS: Thu 02/05/2026 18:54:31.15
