============================================================
ONE CLICK BUILD started: Sat 02/07/2026 12:18:54.86
Packaging folder: C:\Users\Sidscri\Documents\GitHub\sidscri-apps\KenpoFlashcardsWebServer_Packaged\packaging\
One-click folder: C:\Users\Sidscri\Documents\GitHub\sidscri-apps\KenpoFlashcardsWebServer_Packaged\packaging\one_click\
Master log     : C:\Users\Sidscri\Documents\GitHub\sidscri-apps\KenpoFlashcardsWebServer_Packaged\packaging\logs\build_all_20260207_121854.log
============================================================
[PROGRESS] 0% - Starting...
[PROGRESS] 10% - STEP 1/3: Pre Build of Build_Data

[STEP 1] Pre Build started: Sat 02/07/2026 12:18:54.92
[STEP 1] ExitCode=0
[STEP 1] Pre Build complete: Sat 02/07/2026 12:18:55.52
[PROGRESS] 33% - Pre Build complete
[PROGRESS] 40% - STEP 2/3: Build EXE

[STEP 2] Build EXE started: Sat 02/07/2026 12:18:55.56
[STEP 2] ExitCode=0
[STEP 2] Build EXE complete: Sat 02/07/2026 12:20:27.59
[PROGRESS] 66% - Build EXE complete
[PROGRESS] 75% - STEP 3/3: Build Installer (Inno)

[STEP 3] Build Installer started: Sat 02/07/2026 12:20:27.62
[STEP 3] ExitCode=0
[STEP 3] Build Installer complete: Sat 02/07/2026 12:20:34.10
[PROGRESS] 100% - ALL DONE

ONE CLICK BUILD SUCCESS: Sat 02/07/2026 12:20:34.12
