============================================================
ONE CLICK BUILD started: Thu 01/29/2026 17:09:29.85
Packaging folder: C:\Users\Sidscri\Documents\GitHub\sidscri-apps\KenpoFlashcardsWebServer_Packaged\packaging\
One-click folder: C:\Users\Sidscri\Documents\GitHub\sidscri-apps\KenpoFlashcardsWebServer_Packaged\packaging\one_click\
Master log     : C:\Users\Sidscri\Documents\GitHub\sidscri-apps\KenpoFlashcardsWebServer_Packaged\packaging\logs\build_all_20260129_170929.log
============================================================
[PROGRESS] 0% - Starting...
[PROGRESS] 10% - STEP 1/3: Pre Build of Build_Data

[STEP 1] Pre Build started: Thu 01/29/2026 17:09:29.93
[STEP 1] ExitCode=0
[STEP 1] Pre Build complete: Thu 01/29/2026 17:09:30.58
[PROGRESS] 33% - Pre Build complete
[PROGRESS] 40% - STEP 2/3: Build EXE

[STEP 2] Build EXE started: Thu 01/29/2026 17:09:30.63
[STEP 2] ExitCode=0
[STEP 2] Build EXE complete: Thu 01/29/2026 17:11:50.11
[PROGRESS] 66% - Build EXE complete
[PROGRESS] 75% - STEP 3/3: Build Installer (Inno)

[STEP 3] Build Installer started: Thu 01/29/2026 17:11:50.15
[STEP 3] ExitCode=0
[STEP 3] Build Installer complete: Thu 01/29/2026 17:12:11.14
[PROGRESS] 100% - ALL DONE

ONE CLICK BUILD SUCCESS: Thu 01/29/2026 17:12:11.18
