============================================================
ONE CLICK BUILD started: Fri 01/30/2026  0:45:57.70
Packaging folder: C:\Users\Sidscri\Documents\GitHub\sidscri-apps\KenpoFlashcardsWebServer_Packaged\packaging\
One-click folder: C:\Users\Sidscri\Documents\GitHub\sidscri-apps\KenpoFlashcardsWebServer_Packaged\packaging\one_click\
Master log     : C:\Users\Sidscri\Documents\GitHub\sidscri-apps\KenpoFlashcardsWebServer_Packaged\packaging\logs\build_all_20260130_004557.log
============================================================
[PROGRESS] 0% - Starting...
[PROGRESS] 10% - STEP 1/3: Pre Build of Build_Data

[STEP 1] Pre Build started: Fri 01/30/2026  0:45:57.79
[STEP 1] ExitCode=0
[STEP 1] Pre Build complete: Fri 01/30/2026  0:45:58.43
[PROGRESS] 33% - Pre Build complete
[PROGRESS] 40% - STEP 2/3: Build EXE

[STEP 2] Build EXE started: Fri 01/30/2026  0:45:58.48
[STEP 2] ExitCode=0
[STEP 2] Build EXE complete: Fri 01/30/2026  0:48:45.49
[PROGRESS] 66% - Build EXE complete
[PROGRESS] 75% - STEP 3/3: Build Installer (Inno)

[STEP 3] Build Installer started: Fri 01/30/2026  0:48:45.53
[STEP 3] ExitCode=0
[STEP 3] Build Installer complete: Fri 01/30/2026  0:49:01.36
[PROGRESS] 100% - ALL DONE

ONE CLICK BUILD SUCCESS: Fri 01/30/2026  0:49:01.41
