Inno Setup 6 Command-Line Compiler
Copyright (C) 1997-2026 Jordan Russell. All rights reserved.
Portions Copyright (C) 2000-2026 Martijn Laan. All rights reserved.
Portions Copyright (C) 2001-2004 Alex Yackimoff. All rights reserved.
https://www.innosetup.com

Compiler engine version: Inno Setup 6.7.0
Non-commercial use only

Preprocessing
   Reading file: C:\Program Files (x86)\Inno Setup 6\ISPPBuiltins.iss
Parsing [Setup] section, line 2
Parsing [Setup] section, line 3
Parsing [Setup] section, line 5
Parsing [Setup] section, line 6
Parsing [Setup] section, line 8
Parsing [Setup] section, line 9
Parsing [Setup] section, line 11
Parsing [Setup] section, line 12
Parsing [Setup] section, line 13
Parsing [Setup] section, line 14
Parsing [Setup] section, line 15
Parsing [Setup] section, line 16
Parsing [Setup] section, line 17
Parsing [Setup] section, line 18
Parsing [Setup] section, line 19
Parsing [Setup] section, line 20
Parsing [Setup] section, line 21
Parsing [Setup] section, line 22
Parsing [Setup] section, line 23
Parsing [Setup] section, line 24
Parsing [Setup] section, line 25
Reading file (WizardImageFile)
Reading file (WizardSmallImageFile)
Preparing Setup program executable
   Verification successful
   Updating icons (Setup.e32)
   Updating version info (Setup.e32)
Determining language code pages
   Reading file: C:\Program Files (x86)\Inno Setup 6\Default.isl
   Messages in script file
Reading default messages from Default.isl
Parsing [LangOptions], [Messages], and [CustomMessages] sections
   Reading file: C:\Program Files (x86)\Inno Setup 6\Default.isl
   Messages in script file
Reading [Code] section
Parsing [Tasks] section, line 28
Parsing [Tasks] section, line 29
Parsing [Tasks] section, line 31
Parsing [Icons] section, line 43
Parsing [Icons] section, line 44
Parsing [Icons] section, line 45
Parsing [Registry] section, line 40
Parsing [Run] section, line 48
Parsing [Run] section, line 49
Parsing [UninstallRun] section, line 53
Parsing [Files] section, line 34
Parsing [Files] section, line 36
Parsing [Files] section, line 37
Parsing [Files] section, line 38
Creating setup files
   Verification successful
   Updating icons (Setup.exe)
   Compressing: C:\Users\Sidscri\Documents\GitHub\sidscri-apps\KenpoFlashcardsWebServer_Packaged\packaging\..\dist\AdvancedFlashcardsWebAppServer\AdvancedFlashcardsWebAppServer.exe
   Compressing: C:\Users\Sidscri\Documents\GitHub\sidscri-apps\KenpoFlashcardsWebServer_Packaged\packaging\..\dist\AdvancedFlashcardsWebAppServer\_internal\api-ms-win-core-console-l1-1-0.dll
   Compressing: C:\Users\Sidscri\Documents\GitHub\sidscri-apps\KenpoFlashcardsWebServer_Packaged\packaging\..\dist\AdvancedFlashcardsWebAppServer\_internal\api-ms-win-core-datetime-l1-1-0.dll
   Compressing: C:\Users\Sidscri\Documents\GitHub\sidscri-apps\KenpoFlashcardsWebServer_Packaged\packaging\..\dist\AdvancedFlashcardsWebAppServer\_internal\api-ms-win-core-debug-l1-1-0.dll
   Compressing: C:\Users\Sidscri\Documents\GitHub\sidscri-apps\KenpoFlashcardsWebServer_Packaged\packaging\..\dist\AdvancedFlashcardsWebAppServer\_internal\api-ms-win-core-errorhandling-l1-1-0.dll
   Compressing: C:\Users\Sidscri\Documents\GitHub\sidscri-apps\KenpoFlashcardsWebServer_Packaged\packaging\..\dist\AdvancedFlashcardsWebAppServer\_internal\api-ms-win-core-fibers-l1-1-0.dll
   Compressing: C:\Users\Sidscri\Documents\GitHub\sidscri-apps\KenpoFlashcardsWebServer_Packaged\packaging\..\dist\AdvancedFlashcardsWebAppServer\_internal\api-ms-win-core-fibers-l1-1-1.dll
   Compressing: C:\Users\Sidscri\Documents\GitHub\sidscri-apps\KenpoFlashcardsWebServer_Packaged\packaging\..\dist\AdvancedFlashcardsWebAppServer\_internal\api-ms-win-core-file-l1-1-0.dll
   Compressing: C:\Users\Sidscri\Documents\GitHub\sidscri-apps\KenpoFlashcardsWebServer_Packaged\packaging\..\dist\AdvancedFlashcardsWebAppServer\_internal\api-ms-win-core-file-l1-2-0.dll
   Compressing: C:\Users\Sidscri\Documents\GitHub\sidscri-apps\KenpoFlashcardsWebServer_Packaged\packaging\..\dist\AdvancedFlashcardsWebAppServer\_internal\api-ms-win-core-file-l2-1-0.dll
   Compressing: C:\Users\Sidscri\Documents\GitHub\sidscri-apps\KenpoFlashcardsWebServer_Packaged\packaging\..\dist\AdvancedFlashcardsWebAppServer\_internal\api-ms-win-core-handle-l1-1-0.dll
   Compressing: C:\Users\Sidscri\Documents\GitHub\sidscri-apps\KenpoFlashcardsWebServer_Packaged\packaging\..\dist\AdvancedFlashcardsWebAppServer\_internal\api-ms-win-core-heap-l1-1-0.dll
   Compressing: C:\Users\Sidscri\Documents\GitHub\sidscri-apps\KenpoFlashcardsWebServer_Packaged\packaging\..\dist\AdvancedFlashcardsWebAppServer\_internal\api-ms-win-core-interlocked-l1-1-0.dll
   Compressing: C:\Users\Sidscri\Documents\GitHub\sidscri-apps\KenpoFlashcardsWebServer_Packaged\packaging\..\dist\AdvancedFlashcardsWebAppServer\_internal\api-ms-win-core-kernel32-legacy-l1-1-1.dll
   Compressing: C:\Users\Sidscri\Documents\GitHub\sidscri-apps\KenpoFlashcardsWebServer_Packaged\packaging\..\dist\AdvancedFlashcardsWebAppServer\_internal\api-ms-win-core-libraryloader-l1-1-0.dll
   Compressing: C:\Users\Sidscri\Documents\GitHub\sidscri-apps\KenpoFlashcardsWebServer_Packaged\packaging\..\dist\AdvancedFlashcardsWebAppServer\_internal\api-ms-win-core-localization-l1-2-0.dll
   Compressing: C:\Users\Sidscri\Documents\GitHub\sidscri-apps\KenpoFlashcardsWebServer_Packaged\packaging\..\dist\AdvancedFlashcardsWebAppServer\_internal\api-ms-win-core-memory-l1-1-0.dll
   Compressing: C:\Users\Sidscri\Documents\GitHub\sidscri-apps\KenpoFlashcardsWebServer_Packaged\packaging\..\dist\AdvancedFlashcardsWebAppServer\_internal\api-ms-win-core-namedpipe-l1-1-0.dll
   Compressing: C:\Users\Sidscri\Documents\GitHub\sidscri-apps\KenpoFlashcardsWebServer_Packaged\packaging\..\dist\AdvancedFlashcardsWebAppServer\_internal\api-ms-win-core-processenvironment-l1-1-0.dll
   Compressing: C:\Users\Sidscri\Documents\GitHub\sidscri-apps\KenpoFlashcardsWebServer_Packaged\packaging\..\dist\AdvancedFlashcardsWebAppServer\_internal\api-ms-win-core-processthreads-l1-1-0.dll
   Compressing: C:\Users\Sidscri\Documents\GitHub\sidscri-apps\KenpoFlashcardsWebServer_Packaged\packaging\..\dist\AdvancedFlashcardsWebAppServer\_internal\api-ms-win-core-processthreads-l1-1-1.dll
   Compressing: C:\Users\Sidscri\Documents\GitHub\sidscri-apps\KenpoFlashcardsWebServer_Packaged\packaging\..\dist\AdvancedFlashcardsWebAppServer\_internal\api-ms-win-core-profile-l1-1-0.dll
   Compressing: C:\Users\Sidscri\Documents\GitHub\sidscri-apps\KenpoFlashcardsWebServer_Packaged\packaging\..\dist\AdvancedFlashcardsWebAppServer\_internal\api-ms-win-core-rtlsupport-l1-1-0.dll
   Compressing: C:\Users\Sidscri\Documents\GitHub\sidscri-apps\KenpoFlashcardsWebServer_Packaged\packaging\..\dist\AdvancedFlashcardsWebAppServer\_internal\api-ms-win-core-string-l1-1-0.dll
   Compressing: C:\Users\Sidscri\Documents\GitHub\sidscri-apps\KenpoFlashcardsWebServer_Packaged\packaging\..\dist\AdvancedFlashcardsWebAppServer\_internal\api-ms-win-core-synch-l1-1-0.dll
   Compressing: C:\Users\Sidscri\Documents\GitHub\sidscri-apps\KenpoFlashcardsWebServer_Packaged\packaging\..\dist\AdvancedFlashcardsWebAppServer\_internal\api-ms-win-core-synch-l1-2-0.dll
   Compressing: C:\Users\Sidscri\Documents\GitHub\sidscri-apps\KenpoFlashcardsWebServer_Packaged\packaging\..\dist\AdvancedFlashcardsWebAppServer\_internal\api-ms-win-core-sysinfo-l1-1-0.dll
   Compressing: C:\Users\Sidscri\Documents\GitHub\sidscri-apps\KenpoFlashcardsWebServer_Packaged\packaging\..\dist\AdvancedFlashcardsWebAppServer\_internal\api-ms-win-core-sysinfo-l1-2-0.dll
   Compressing: C:\Users\Sidscri\Documents\GitHub\sidscri-apps\KenpoFlashcardsWebServer_Packaged\packaging\..\dist\AdvancedFlashcardsWebAppServer\_internal\api-ms-win-core-timezone-l1-1-0.dll
   Compressing: C:\Users\Sidscri\Documents\GitHub\sidscri-apps\KenpoFlashcardsWebServer_Packaged\packaging\..\dist\AdvancedFlashcardsWebAppServer\_internal\api-ms-win-core-util-l1-1-0.dll
   Compressing: C:\Users\Sidscri\Documents\GitHub\sidscri-apps\KenpoFlashcardsWebServer_Packaged\packaging\..\dist\AdvancedFlashcardsWebAppServer\_internal\api-ms-win-crt-conio-l1-1-0.dll
   Compressing: C:\Users\Sidscri\Documents\GitHub\sidscri-apps\KenpoFlashcardsWebServer_Packaged\packaging\..\dist\AdvancedFlashcardsWebAppServer\_internal\api-ms-win-crt-convert-l1-1-0.dll
   Compressing: C:\Users\Sidscri\Documents\GitHub\sidscri-apps\KenpoFlashcardsWebServer_Packaged\packaging\..\dist\AdvancedFlashcardsWebAppServer\_internal\api-ms-win-crt-environment-l1-1-0.dll
   Compressing: C:\Users\Sidscri\Documents\GitHub\sidscri-apps\KenpoFlashcardsWebServer_Packaged\packaging\..\dist\AdvancedFlashcardsWebAppServer\_internal\api-ms-win-crt-filesystem-l1-1-0.dll
   Compressing: C:\Users\Sidscri\Documents\GitHub\sidscri-apps\KenpoFlashcardsWebServer_Packaged\packaging\..\dist\AdvancedFlashcardsWebAppServer\_internal\api-ms-win-crt-heap-l1-1-0.dll
   Compressing: C:\Users\Sidscri\Documents\GitHub\sidscri-apps\KenpoFlashcardsWebServer_Packaged\packaging\..\dist\AdvancedFlashcardsWebAppServer\_internal\api-ms-win-crt-locale-l1-1-0.dll
   Compressing: C:\Users\Sidscri\Documents\GitHub\sidscri-apps\KenpoFlashcardsWebServer_Packaged\packaging\..\dist\AdvancedFlashcardsWebAppServer\_internal\api-ms-win-crt-math-l1-1-0.dll
   Compressing: C:\Users\Sidscri\Documents\GitHub\sidscri-apps\KenpoFlashcardsWebServer_Packaged\packaging\..\dist\AdvancedFlashcardsWebAppServer\_internal\api-ms-win-crt-process-l1-1-0.dll
   Compressing: C:\Users\Sidscri\Documents\GitHub\sidscri-apps\KenpoFlashcardsWebServer_Packaged\packaging\..\dist\AdvancedFlashcardsWebAppServer\_internal\api-ms-win-crt-runtime-l1-1-0.dll
   Compressing: C:\Users\Sidscri\Documents\GitHub\sidscri-apps\KenpoFlashcardsWebServer_Packaged\packaging\..\dist\AdvancedFlashcardsWebAppServer\_internal\api-ms-win-crt-stdio-l1-1-0.dll
   Compressing: C:\Users\Sidscri\Documents\GitHub\sidscri-apps\KenpoFlashcardsWebServer_Packaged\packaging\..\dist\AdvancedFlashcardsWebAppServer\_internal\api-ms-win-crt-string-l1-1-0.dll
   Compressing: C:\Users\Sidscri\Documents\GitHub\sidscri-apps\KenpoFlashcardsWebServer_Packaged\packaging\..\dist\AdvancedFlashcardsWebAppServer\_internal\api-ms-win-crt-time-l1-1-0.dll
   Compressing: C:\Users\Sidscri\Documents\GitHub\sidscri-apps\KenpoFlashcardsWebServer_Packaged\packaging\..\dist\AdvancedFlashcardsWebAppServer\_internal\api-ms-win-crt-utility-l1-1-0.dll
   Compressing: C:\Users\Sidscri\Documents\GitHub\sidscri-apps\KenpoFlashcardsWebServer_Packaged\packaging\..\dist\AdvancedFlashcardsWebAppServer\_internal\app.py
   Compressing: C:\Users\Sidscri\Documents\GitHub\sidscri-apps\KenpoFlashcardsWebServer_Packaged\packaging\..\dist\AdvancedFlashcardsWebAppServer\_internal\base_library.zip
   Compressing: C:\Users\Sidscri\Documents\GitHub\sidscri-apps\KenpoFlashcardsWebServer_Packaged\packaging\..\dist\AdvancedFlashcardsWebAppServer\_internal\libcrypto-1_1.dll
   Compressing: C:\Users\Sidscri\Documents\GitHub\sidscri-apps\KenpoFlashcardsWebServer_Packaged\packaging\..\dist\AdvancedFlashcardsWebAppServer\_internal\libffi-7.dll
   Compressing: C:\Users\Sidscri\Documents\GitHub\sidscri-apps\KenpoFlashcardsWebServer_Packaged\packaging\..\dist\AdvancedFlashcardsWebAppServer\_internal\libssl-1_1.dll
   Compressing: C:\Users\Sidscri\Documents\GitHub\sidscri-apps\KenpoFlashcardsWebServer_Packaged\packaging\..\dist\AdvancedFlashcardsWebAppServer\_internal\pyexpat.pyd
   Compressing: C:\Users\Sidscri\Documents\GitHub\sidscri-apps\KenpoFlashcardsWebServer_Packaged\packaging\..\dist\AdvancedFlashcardsWebAppServer\_internal\python38.dll
   Compressing: C:\Users\Sidscri\Documents\GitHub\sidscri-apps\KenpoFlashcardsWebServer_Packaged\packaging\..\dist\AdvancedFlashcardsWebAppServer\_internal\select.pyd
   Compressing: C:\Users\Sidscri\Documents\GitHub\sidscri-apps\KenpoFlashcardsWebServer_Packaged\packaging\..\dist\AdvancedFlashcardsWebAppServer\_internal\ucrtbase.dll
   Compressing: C:\Users\Sidscri\Documents\GitHub\sidscri-apps\KenpoFlashcardsWebServer_Packaged\packaging\..\dist\AdvancedFlashcardsWebAppServer\_internal\unicodedata.pyd
   Compressing: C:\Users\Sidscri\Documents\GitHub\sidscri-apps\KenpoFlashcardsWebServer_Packaged\packaging\..\dist\AdvancedFlashcardsWebAppServer\_internal\VCRUNTIME140.dll
   Compressing: C:\Users\Sidscri\Documents\GitHub\sidscri-apps\KenpoFlashcardsWebServer_Packaged\packaging\..\dist\AdvancedFlashcardsWebAppServer\_internal\version.json
   Compressing: C:\Users\Sidscri\Documents\GitHub\sidscri-apps\KenpoFlashcardsWebServer_Packaged\packaging\..\dist\AdvancedFlashcardsWebAppServer\_internal\_asyncio.pyd
   Compressing: C:\Users\Sidscri\Documents\GitHub\sidscri-apps\KenpoFlashcardsWebServer_Packaged\packaging\..\dist\AdvancedFlashcardsWebAppServer\_internal\_bz2.pyd
   Compressing: C:\Users\Sidscri\Documents\GitHub\sidscri-apps\KenpoFlashcardsWebServer_Packaged\packaging\..\dist\AdvancedFlashcardsWebAppServer\_internal\_ctypes.pyd
   Compressing: C:\Users\Sidscri\Documents\GitHub\sidscri-apps\KenpoFlashcardsWebServer_Packaged\packaging\..\dist\AdvancedFlashcardsWebAppServer\_internal\_decimal.pyd
   Compressing: C:\Users\Sidscri\Documents\GitHub\sidscri-apps\KenpoFlashcardsWebServer_Packaged\packaging\..\dist\AdvancedFlashcardsWebAppServer\_internal\_hashlib.pyd
   Compressing: C:\Users\Sidscri\Documents\GitHub\sidscri-apps\KenpoFlashcardsWebServer_Packaged\packaging\..\dist\AdvancedFlashcardsWebAppServer\_internal\_lzma.pyd
   Compressing: C:\Users\Sidscri\Documents\GitHub\sidscri-apps\KenpoFlashcardsWebServer_Packaged\packaging\..\dist\AdvancedFlashcardsWebAppServer\_internal\_multiprocessing.pyd
   Compressing: C:\Users\Sidscri\Documents\GitHub\sidscri-apps\KenpoFlashcardsWebServer_Packaged\packaging\..\dist\AdvancedFlashcardsWebAppServer\_internal\_overlapped.pyd
   Compressing: C:\Users\Sidscri\Documents\GitHub\sidscri-apps\KenpoFlashcardsWebServer_Packaged\packaging\..\dist\AdvancedFlashcardsWebAppServer\_internal\_queue.pyd
   Compressing: C:\Users\Sidscri\Documents\GitHub\sidscri-apps\KenpoFlashcardsWebServer_Packaged\packaging\..\dist\AdvancedFlashcardsWebAppServer\_internal\_socket.pyd
   Compressing: C:\Users\Sidscri\Documents\GitHub\sidscri-apps\KenpoFlashcardsWebServer_Packaged\packaging\..\dist\AdvancedFlashcardsWebAppServer\_internal\_ssl.pyd
   Compressing: C:\Users\Sidscri\Documents\GitHub\sidscri-apps\KenpoFlashcardsWebServer_Packaged\packaging\..\dist\AdvancedFlashcardsWebAppServer\_internal\assets\AdvancedFlashcardsWebAppServer_tray.png
   Compressing: C:\Users\Sidscri\Documents\GitHub\sidscri-apps\KenpoFlashcardsWebServer_Packaged\packaging\..\dist\AdvancedFlashcardsWebAppServer\_internal\assets\icon.png
   Compressing: C:\Users\Sidscri\Documents\GitHub\sidscri-apps\KenpoFlashcardsWebServer_Packaged\packaging\..\dist\AdvancedFlashcardsWebAppServer\_internal\blinker-1.8.2.dist-info\INSTALLER
   Compressing: C:\Users\Sidscri\Documents\GitHub\sidscri-apps\KenpoFlashcardsWebServer_Packaged\packaging\..\dist\AdvancedFlashcardsWebAppServer\_internal\blinker-1.8.2.dist-info\LICENSE.txt
   Compressing: C:\Users\Sidscri\Documents\GitHub\sidscri-apps\KenpoFlashcardsWebServer_Packaged\packaging\..\dist\AdvancedFlashcardsWebAppServer\_internal\blinker-1.8.2.dist-info\METADATA
   Compressing: C:\Users\Sidscri\Documents\GitHub\sidscri-apps\KenpoFlashcardsWebServer_Packaged\packaging\..\dist\AdvancedFlashcardsWebAppServer\_internal\blinker-1.8.2.dist-info\RECORD
   Compressing: C:\Users\Sidscri\Documents\GitHub\sidscri-apps\KenpoFlashcardsWebServer_Packaged\packaging\..\dist\AdvancedFlashcardsWebAppServer\_internal\blinker-1.8.2.dist-info\WHEEL
   Compressing: C:\Users\Sidscri\Documents\GitHub\sidscri-apps\KenpoFlashcardsWebServer_Packaged\packaging\..\dist\AdvancedFlashcardsWebAppServer\_internal\certifi\cacert.pem
   Compressing: C:\Users\Sidscri\Documents\GitHub\sidscri-apps\KenpoFlashcardsWebServer_Packaged\packaging\..\dist\AdvancedFlashcardsWebAppServer\_internal\certifi\py.typed
   Compressing: C:\Users\Sidscri\Documents\GitHub\sidscri-apps\KenpoFlashcardsWebServer_Packaged\packaging\..\dist\AdvancedFlashcardsWebAppServer\_internal\charset_normalizer\md.cp38-win_amd64.pyd
   Compressing: C:\Users\Sidscri\Documents\GitHub\sidscri-apps\KenpoFlashcardsWebServer_Packaged\packaging\..\dist\AdvancedFlashcardsWebAppServer\_internal\charset_normalizer\md__mypyc.cp38-win_amd64.pyd
   Compressing: C:\Users\Sidscri\Documents\GitHub\sidscri-apps\KenpoFlashcardsWebServer_Packaged\packaging\..\dist\AdvancedFlashcardsWebAppServer\_internal\data\.from_local.flag
   Compressing: C:\Users\Sidscri\Documents\GitHub\sidscri-apps\KenpoFlashcardsWebServer_Packaged\packaging\..\dist\AdvancedFlashcardsWebAppServer\_internal\data\admin_users.json
   Compressing: C:\Users\Sidscri\Documents\GitHub\sidscri-apps\KenpoFlashcardsWebServer_Packaged\packaging\..\dist\AdvancedFlashcardsWebAppServer\_internal\data\api_keys.enc
   Compressing: C:\Users\Sidscri\Documents\GitHub\sidscri-apps\KenpoFlashcardsWebServer_Packaged\packaging\..\dist\AdvancedFlashcardsWebAppServer\_internal\data\breakdowns.json
   Compressing: C:\Users\Sidscri\Documents\GitHub\sidscri-apps\KenpoFlashcardsWebServer_Packaged\packaging\..\dist\AdvancedFlashcardsWebAppServer\_internal\data\decks.json
   Compressing: C:\Users\Sidscri\Documents\GitHub\sidscri-apps\KenpoFlashcardsWebServer_Packaged\packaging\..\dist\AdvancedFlashcardsWebAppServer\_internal\data\deck_access.json
   Compressing: C:\Users\Sidscri\Documents\GitHub\sidscri-apps\KenpoFlashcardsWebServer_Packaged\packaging\..\dist\AdvancedFlashcardsWebAppServer\_internal\data\helper.json
   Compressing: C:\Users\Sidscri\Documents\GitHub\sidscri-apps\KenpoFlashcardsWebServer_Packaged\packaging\..\dist\AdvancedFlashcardsWebAppServer\_internal\data\kenpo_words.json
   Compressing: C:\Users\Sidscri\Documents\GitHub\sidscri-apps\KenpoFlashcardsWebServer_Packaged\packaging\..\dist\AdvancedFlashcardsWebAppServer\_internal\data\profiles.json
   Compressing: C:\Users\Sidscri\Documents\GitHub\sidscri-apps\KenpoFlashcardsWebServer_Packaged\packaging\..\dist\AdvancedFlashcardsWebAppServer\_internal\data\secret_key.txt
   Compressing: C:\Users\Sidscri\Documents\GitHub\sidscri-apps\KenpoFlashcardsWebServer_Packaged\packaging\..\dist\AdvancedFlashcardsWebAppServer\_internal\data\test advanced.txt
   Compressing: C:\Users\Sidscri\Documents\GitHub\sidscri-apps\KenpoFlashcardsWebServer_Packaged\packaging\..\dist\AdvancedFlashcardsWebAppServer\_internal\data\0 local data backup\.from_local.flag
   Compressing: C:\Users\Sidscri\Documents\GitHub\sidscri-apps\KenpoFlashcardsWebServer_Packaged\packaging\..\dist\AdvancedFlashcardsWebAppServer\_internal\data\0 local data backup\admin_users.json
   Compressing: C:\Users\Sidscri\Documents\GitHub\sidscri-apps\KenpoFlashcardsWebServer_Packaged\packaging\..\dist\AdvancedFlashcardsWebAppServer\_internal\data\0 local data backup\api_keys.enc
   Compressing: C:\Users\Sidscri\Documents\GitHub\sidscri-apps\KenpoFlashcardsWebServer_Packaged\packaging\..\dist\AdvancedFlashcardsWebAppServer\_internal\data\0 local data backup\breakdowns.json
   Compressing: C:\Users\Sidscri\Documents\GitHub\sidscri-apps\KenpoFlashcardsWebServer_Packaged\packaging\..\dist\AdvancedFlashcardsWebAppServer\_internal\data\0 local data backup\decks.json
   Compressing: C:\Users\Sidscri\Documents\GitHub\sidscri-apps\KenpoFlashcardsWebServer_Packaged\packaging\..\dist\AdvancedFlashcardsWebAppServer\_internal\data\0 local data backup\deck_access.json
   Compressing: C:\Users\Sidscri\Documents\GitHub\sidscri-apps\KenpoFlashcardsWebServer_Packaged\packaging\..\dist\AdvancedFlashcardsWebAppServer\_internal\data\0 local data backup\deck_config.json
   Compressing: C:\Users\Sidscri\Documents\GitHub\sidscri-apps\KenpoFlashcardsWebServer_Packaged\packaging\..\dist\AdvancedFlashcardsWebAppServer\_internal\data\0 local data backup\helper.json
   Compressing: C:\Users\Sidscri\Documents\GitHub\sidscri-apps\KenpoFlashcardsWebServer_Packaged\packaging\..\dist\AdvancedFlashcardsWebAppServer\_internal\data\0 local data backup\kenpo_words.json
   Compressing: C:\Users\Sidscri\Documents\GitHub\sidscri-apps\KenpoFlashcardsWebServer_Packaged\packaging\..\dist\AdvancedFlashcardsWebAppServer\_internal\data\0 local data backup\profiles.json
   Compressing: C:\Users\Sidscri\Documents\GitHub\sidscri-apps\KenpoFlashcardsWebServer_Packaged\packaging\..\dist\AdvancedFlashcardsWebAppServer\_internal\data\0 local data backup\secret_key.txt
   Compressing: C:\Users\Sidscri\Documents\GitHub\sidscri-apps\KenpoFlashcardsWebServer_Packaged\packaging\..\dist\AdvancedFlashcardsWebAppServer\_internal\data\0 local data backup\test local.txt
   Compressing: C:\Users\Sidscri\Documents\GitHub\sidscri-apps\KenpoFlashcardsWebServer_Packaged\packaging\..\dist\AdvancedFlashcardsWebAppServer\_internal\data\0 local data backup\deck_cards\deck_22e1482a\cards.json
   Compressing: C:\Users\Sidscri\Documents\GitHub\sidscri-apps\KenpoFlashcardsWebServer_Packaged\packaging\..\dist\AdvancedFlashcardsWebAppServer\_internal\data\0 local data backup\users\0d881caa5ee8\progress.json
   Compressing: C:\Users\Sidscri\Documents\GitHub\sidscri-apps\KenpoFlashcardsWebServer_Packaged\packaging\..\dist\AdvancedFlashcardsWebAppServer\_internal\data\0 local data backup\users\1cc70e61cd9e\progress.json
   Compressing: C:\Users\Sidscri\Documents\GitHub\sidscri-apps\KenpoFlashcardsWebServer_Packaged\packaging\..\dist\AdvancedFlashcardsWebAppServer\_internal\data\0 local data backup\users\54af05fa7c22\progress.json
   Compressing: C:\Users\Sidscri\Documents\GitHub\sidscri-apps\KenpoFlashcardsWebServer_Packaged\packaging\..\dist\AdvancedFlashcardsWebAppServer\_internal\data\0 local data backup\users\94b9dd732eef\progress.json
   Compressing: C:\Users\Sidscri\Documents\GitHub\sidscri-apps\KenpoFlashcardsWebServer_Packaged\packaging\..\dist\AdvancedFlashcardsWebAppServer\_internal\data\0 local data backup\users\d58abe158e91\progress.json
   Compressing: C:\Users\Sidscri\Documents\GitHub\sidscri-apps\KenpoFlashcardsWebServer_Packaged\packaging\..\dist\AdvancedFlashcardsWebAppServer\_internal\data\0 local data backup\users\f6d6ac67ac9d\progress.json
   Compressing: C:\Users\Sidscri\Documents\GitHub\sidscri-apps\KenpoFlashcardsWebServer_Packaged\packaging\..\dist\AdvancedFlashcardsWebAppServer\_internal\data\0 local data backup\user_cards\1cc70e61cd9e\cards.json
   Compressing: C:\Users\Sidscri\Documents\GitHub\sidscri-apps\KenpoFlashcardsWebServer_Packaged\packaging\..\dist\AdvancedFlashcardsWebAppServer\_internal\data\0 local data backup\user_cards\f6d6ac67ac9d\cards.json
   Compressing: C:\Users\Sidscri\Documents\GitHub\sidscri-apps\KenpoFlashcardsWebServer_Packaged\packaging\..\dist\AdvancedFlashcardsWebAppServer\_internal\data\deck_cards\deck_22e1482a\cards.json
   Compressing: C:\Users\Sidscri\Documents\GitHub\sidscri-apps\KenpoFlashcardsWebServer_Packaged\packaging\..\dist\AdvancedFlashcardsWebAppServer\_internal\data\deck_cards\deck_7bb3a7af\cards.json
   Compressing: C:\Users\Sidscri\Documents\GitHub\sidscri-apps\KenpoFlashcardsWebServer_Packaged\packaging\..\dist\AdvancedFlashcardsWebAppServer\_internal\data\users\0d881caa5ee8\progress.json
   Compressing: C:\Users\Sidscri\Documents\GitHub\sidscri-apps\KenpoFlashcardsWebServer_Packaged\packaging\..\dist\AdvancedFlashcardsWebAppServer\_internal\data\users\1cc70e61cd9e\progress.json
   Compressing: C:\Users\Sidscri\Documents\GitHub\sidscri-apps\KenpoFlashcardsWebServer_Packaged\packaging\..\dist\AdvancedFlashcardsWebAppServer\_internal\data\users\54af05fa7c22\progress.json
   Compressing: C:\Users\Sidscri\Documents\GitHub\sidscri-apps\KenpoFlashcardsWebServer_Packaged\packaging\..\dist\AdvancedFlashcardsWebAppServer\_internal\data\users\94b9dd732eef\progress.json
   Compressing: C:\Users\Sidscri\Documents\GitHub\sidscri-apps\KenpoFlashcardsWebServer_Packaged\packaging\..\dist\AdvancedFlashcardsWebAppServer\_internal\data\users\d58abe158e91\progress.json
   Compressing: C:\Users\Sidscri\Documents\GitHub\sidscri-apps\KenpoFlashcardsWebServer_Packaged\packaging\..\dist\AdvancedFlashcardsWebAppServer\_internal\data\users\f6d6ac67ac9d\progress.json
   Compressing: C:\Users\Sidscri\Documents\GitHub\sidscri-apps\KenpoFlashcardsWebServer_Packaged\packaging\..\dist\AdvancedFlashcardsWebAppServer\_internal\data\user_cards\1cc70e61cd9e\cards.json
   Compressing: C:\Users\Sidscri\Documents\GitHub\sidscri-apps\KenpoFlashcardsWebServer_Packaged\packaging\..\dist\AdvancedFlashcardsWebAppServer\_internal\flask-2.3.3.dist-info\entry_points.txt
   Compressing: C:\Users\Sidscri\Documents\GitHub\sidscri-apps\KenpoFlashcardsWebServer_Packaged\packaging\..\dist\AdvancedFlashcardsWebAppServer\_internal\flask-2.3.3.dist-info\INSTALLER
   Compressing: C:\Users\Sidscri\Documents\GitHub\sidscri-apps\KenpoFlashcardsWebServer_Packaged\packaging\..\dist\AdvancedFlashcardsWebAppServer\_internal\flask-2.3.3.dist-info\LICENSE.rst
   Compressing: C:\Users\Sidscri\Documents\GitHub\sidscri-apps\KenpoFlashcardsWebServer_Packaged\packaging\..\dist\AdvancedFlashcardsWebAppServer\_internal\flask-2.3.3.dist-info\METADATA
   Compressing: C:\Users\Sidscri\Documents\GitHub\sidscri-apps\KenpoFlashcardsWebServer_Packaged\packaging\..\dist\AdvancedFlashcardsWebAppServer\_internal\flask-2.3.3.dist-info\RECORD
   Compressing: C:\Users\Sidscri\Documents\GitHub\sidscri-apps\KenpoFlashcardsWebServer_Packaged\packaging\..\dist\AdvancedFlashcardsWebAppServer\_internal\flask-2.3.3.dist-info\REQUESTED
   Compressing: C:\Users\Sidscri\Documents\GitHub\sidscri-apps\KenpoFlashcardsWebServer_Packaged\packaging\..\dist\AdvancedFlashcardsWebAppServer\_internal\flask-2.3.3.dist-info\WHEEL
   Compressing: C:\Users\Sidscri\Documents\GitHub\sidscri-apps\KenpoFlashcardsWebServer_Packaged\packaging\..\dist\AdvancedFlashcardsWebAppServer\_internal\importlib_metadata-8.5.0.dist-info\INSTALLER
   Compressing: C:\Users\Sidscri\Documents\GitHub\sidscri-apps\KenpoFlashcardsWebServer_Packaged\packaging\..\dist\AdvancedFlashcardsWebAppServer\_internal\importlib_metadata-8.5.0.dist-info\LICENSE
   Compressing: C:\Users\Sidscri\Documents\GitHub\sidscri-apps\KenpoFlashcardsWebServer_Packaged\packaging\..\dist\AdvancedFlashcardsWebAppServer\_internal\importlib_metadata-8.5.0.dist-info\METADATA
   Compressing: C:\Users\Sidscri\Documents\GitHub\sidscri-apps\KenpoFlashcardsWebServer_Packaged\packaging\..\dist\AdvancedFlashcardsWebAppServer\_internal\importlib_metadata-8.5.0.dist-info\RECORD
   Compressing: C:\Users\Sidscri\Documents\GitHub\sidscri-apps\KenpoFlashcardsWebServer_Packaged\packaging\..\dist\AdvancedFlashcardsWebAppServer\_internal\importlib_metadata-8.5.0.dist-info\top_level.txt
   Compressing: C:\Users\Sidscri\Documents\GitHub\sidscri-apps\KenpoFlashcardsWebServer_Packaged\packaging\..\dist\AdvancedFlashcardsWebAppServer\_internal\importlib_metadata-8.5.0.dist-info\WHEEL
   Compressing: C:\Users\Sidscri\Documents\GitHub\sidscri-apps\KenpoFlashcardsWebServer_Packaged\packaging\..\dist\AdvancedFlashcardsWebAppServer\_internal\itsdangerous-2.2.0.dist-info\INSTALLER
   Compressing: C:\Users\Sidscri\Documents\GitHub\sidscri-apps\KenpoFlashcardsWebServer_Packaged\packaging\..\dist\AdvancedFlashcardsWebAppServer\_internal\itsdangerous-2.2.0.dist-info\LICENSE.txt
   Compressing: C:\Users\Sidscri\Documents\GitHub\sidscri-apps\KenpoFlashcardsWebServer_Packaged\packaging\..\dist\AdvancedFlashcardsWebAppServer\_internal\itsdangerous-2.2.0.dist-info\METADATA
   Compressing: C:\Users\Sidscri\Documents\GitHub\sidscri-apps\KenpoFlashcardsWebServer_Packaged\packaging\..\dist\AdvancedFlashcardsWebAppServer\_internal\itsdangerous-2.2.0.dist-info\RECORD
   Compressing: C:\Users\Sidscri\Documents\GitHub\sidscri-apps\KenpoFlashcardsWebServer_Packaged\packaging\..\dist\AdvancedFlashcardsWebAppServer\_internal\itsdangerous-2.2.0.dist-info\WHEEL
   Compressing: C:\Users\Sidscri\Documents\GitHub\sidscri-apps\KenpoFlashcardsWebServer_Packaged\packaging\..\dist\AdvancedFlashcardsWebAppServer\_internal\jaraco\classes\py.typed
   Compressing: C:\Users\Sidscri\Documents\GitHub\sidscri-apps\KenpoFlashcardsWebServer_Packaged\packaging\..\dist\AdvancedFlashcardsWebAppServer\_internal\jaraco\context\py.typed
   Compressing: C:\Users\Sidscri\Documents\GitHub\sidscri-apps\KenpoFlashcardsWebServer_Packaged\packaging\..\dist\AdvancedFlashcardsWebAppServer\_internal\jaraco\functools\py.typed
   Compressing: C:\Users\Sidscri\Documents\GitHub\sidscri-apps\KenpoFlashcardsWebServer_Packaged\packaging\..\dist\AdvancedFlashcardsWebAppServer\_internal\jaraco\functools\__init__.pyi
   Compressing: C:\Users\Sidscri\Documents\GitHub\sidscri-apps\KenpoFlashcardsWebServer_Packaged\packaging\..\dist\AdvancedFlashcardsWebAppServer\_internal\jaraco\text\Lorem ipsum.txt
   Compressing: C:\Users\Sidscri\Documents\GitHub\sidscri-apps\KenpoFlashcardsWebServer_Packaged\packaging\..\dist\AdvancedFlashcardsWebAppServer\_internal\markupsafe\_speedups.cp38-win_amd64.pyd
   Compressing: C:\Users\Sidscri\Documents\GitHub\sidscri-apps\KenpoFlashcardsWebServer_Packaged\packaging\..\dist\AdvancedFlashcardsWebAppServer\_internal\PIL\_imaging.cp38-win_amd64.pyd
   Compressing: C:\Users\Sidscri\Documents\GitHub\sidscri-apps\KenpoFlashcardsWebServer_Packaged\packaging\..\dist\AdvancedFlashcardsWebAppServer\_internal\PIL\_imagingcms.cp38-win_amd64.pyd
   Compressing: C:\Users\Sidscri\Documents\GitHub\sidscri-apps\KenpoFlashcardsWebServer_Packaged\packaging\..\dist\AdvancedFlashcardsWebAppServer\_internal\PIL\_imagingmath.cp38-win_amd64.pyd
   Compressing: C:\Users\Sidscri\Documents\GitHub\sidscri-apps\KenpoFlashcardsWebServer_Packaged\packaging\..\dist\AdvancedFlashcardsWebAppServer\_internal\PIL\_imagingtk.cp38-win_amd64.pyd
   Compressing: C:\Users\Sidscri\Documents\GitHub\sidscri-apps\KenpoFlashcardsWebServer_Packaged\packaging\..\dist\AdvancedFlashcardsWebAppServer\_internal\PIL\_webp.cp38-win_amd64.pyd
   Compressing: C:\Users\Sidscri\Documents\GitHub\sidscri-apps\KenpoFlashcardsWebServer_Packaged\packaging\..\dist\AdvancedFlashcardsWebAppServer\_internal\runtime\app_paths.py
   Compressing: C:\Users\Sidscri\Documents\GitHub\sidscri-apps\KenpoFlashcardsWebServer_Packaged\packaging\..\dist\AdvancedFlashcardsWebAppServer\_internal\runtime\__init__.py
   Compressing: C:\Users\Sidscri\Documents\GitHub\sidscri-apps\KenpoFlashcardsWebServer_Packaged\packaging\..\dist\AdvancedFlashcardsWebAppServer\_internal\runtime\__pycache__\app_paths.cpython-38.pyc
   Compressing: C:\Users\Sidscri\Documents\GitHub\sidscri-apps\KenpoFlashcardsWebServer_Packaged\packaging\..\dist\AdvancedFlashcardsWebAppServer\_internal\runtime\__pycache__\__init__.cpython-38.pyc
   Compressing: C:\Users\Sidscri\Documents\GitHub\sidscri-apps\KenpoFlashcardsWebServer_Packaged\packaging\..\dist\AdvancedFlashcardsWebAppServer\_internal\static\about.html
   Compressing: C:\Users\Sidscri\Documents\GitHub\sidscri-apps\KenpoFlashcardsWebServer_Packaged\packaging\..\dist\AdvancedFlashcardsWebAppServer\_internal\static\admin.html
   Compressing: C:\Users\Sidscri\Documents\GitHub\sidscri-apps\KenpoFlashcardsWebServer_Packaged\packaging\..\dist\AdvancedFlashcardsWebAppServer\_internal\static\ai-access.html
   Compressing: C:\Users\Sidscri\Documents\GitHub\sidscri-apps\KenpoFlashcardsWebServer_Packaged\packaging\..\dist\AdvancedFlashcardsWebAppServer\_internal\static\app.js
   Compressing: C:\Users\Sidscri\Documents\GitHub\sidscri-apps\KenpoFlashcardsWebServer_Packaged\packaging\..\dist\AdvancedFlashcardsWebAppServer\_internal\static\favicon.ico
   Compressing: C:\Users\Sidscri\Documents\GitHub\sidscri-apps\KenpoFlashcardsWebServer_Packaged\packaging\..\dist\AdvancedFlashcardsWebAppServer\_internal\static\index.html
   Compressing: C:\Users\Sidscri\Documents\GitHub\sidscri-apps\KenpoFlashcardsWebServer_Packaged\packaging\..\dist\AdvancedFlashcardsWebAppServer\_internal\static\robots.txt
   Compressing: C:\Users\Sidscri\Documents\GitHub\sidscri-apps\KenpoFlashcardsWebServer_Packaged\packaging\..\dist\AdvancedFlashcardsWebAppServer\_internal\static\sitemap.xml
   Compressing: C:\Users\Sidscri\Documents\GitHub\sidscri-apps\KenpoFlashcardsWebServer_Packaged\packaging\..\dist\AdvancedFlashcardsWebAppServer\_internal\static\styles.css
   Compressing: C:\Users\Sidscri\Documents\GitHub\sidscri-apps\KenpoFlashcardsWebServer_Packaged\packaging\..\dist\AdvancedFlashcardsWebAppServer\_internal\static\user-guide.html
   Compressing: C:\Users\Sidscri\Documents\GitHub\sidscri-apps\KenpoFlashcardsWebServer_Packaged\packaging\..\dist\AdvancedFlashcardsWebAppServer\_internal\static\.well-known\security.txt
   Compressing: C:\Users\Sidscri\Documents\GitHub\sidscri-apps\KenpoFlashcardsWebServer_Packaged\packaging\..\dist\AdvancedFlashcardsWebAppServer\_internal\static\res\decklogos\advanced_flashcards_logo.png
   Compressing: C:\Users\Sidscri\Documents\GitHub\sidscri-apps\KenpoFlashcardsWebServer_Packaged\packaging\..\dist\AdvancedFlashcardsWebAppServer\_internal\static\res\decklogos\Kenpo Vovabulary Study Flashcards.png
   Compressing: C:\Users\Sidscri\Documents\GitHub\sidscri-apps\KenpoFlashcardsWebServer_Packaged\packaging\..\dist\AdvancedFlashcardsWebAppServer\_internal\static\res\decklogos\kenpo_vocabulary.png
   Compressing: C:\Users\Sidscri\Documents\GitHub\sidscri-apps\KenpoFlashcardsWebServer_Packaged\packaging\..\dist\AdvancedFlashcardsWebAppServer\_internal\static\res\webappicons\Advanced Flashcards logo.png
   Compressing: C:\Users\Sidscri\Documents\GitHub\sidscri-apps\KenpoFlashcardsWebServer_Packaged\packaging\..\dist\AdvancedFlashcardsWebAppServer\_internal\static\res\webappicons\advanced_flashcards_logo.png
   Compressing: C:\Users\Sidscri\Documents\GitHub\sidscri-apps\KenpoFlashcardsWebServer_Packaged\packaging\..\dist\AdvancedFlashcardsWebAppServer\_internal\static\res\webappicons\favicon-128.png
   Compressing: C:\Users\Sidscri\Documents\GitHub\sidscri-apps\KenpoFlashcardsWebServer_Packaged\packaging\..\dist\AdvancedFlashcardsWebAppServer\_internal\static\res\webappicons\favicon-16.png
   Compressing: C:\Users\Sidscri\Documents\GitHub\sidscri-apps\KenpoFlashcardsWebServer_Packaged\packaging\..\dist\AdvancedFlashcardsWebAppServer\_internal\static\res\webappicons\favicon-256.png
   Compressing: C:\Users\Sidscri\Documents\GitHub\sidscri-apps\KenpoFlashcardsWebServer_Packaged\packaging\..\dist\AdvancedFlashcardsWebAppServer\_internal\static\res\webappicons\favicon-32.png
   Compressing: C:\Users\Sidscri\Documents\GitHub\sidscri-apps\KenpoFlashcardsWebServer_Packaged\packaging\..\dist\AdvancedFlashcardsWebAppServer\_internal\static\res\webappicons\favicon-64.png
   Compressing: C:\Users\Sidscri\Documents\GitHub\sidscri-apps\KenpoFlashcardsWebServer_Packaged\packaging\..\dist\AdvancedFlashcardsWebAppServer\_internal\static\res\webappicons\favicon.ico
   Compressing: C:\Users\Sidscri\Documents\GitHub\sidscri-apps\KenpoFlashcardsWebServer_Packaged\packaging\..\dist\AdvancedFlashcardsWebAppServer\_internal\static\res\webappservericons\AdvancedFlashcardsWebAppServer.ico
   Compressing: C:\Users\Sidscri\Documents\GitHub\sidscri-apps\KenpoFlashcardsWebServer_Packaged\packaging\..\dist\AdvancedFlashcardsWebAppServer\_internal\static\res\webappservericons\AdvancedFlashcardsWebAppServer_128.png
   Compressing: C:\Users\Sidscri\Documents\GitHub\sidscri-apps\KenpoFlashcardsWebServer_Packaged\packaging\..\dist\AdvancedFlashcardsWebAppServer\_internal\static\res\webappservericons\AdvancedFlashcardsWebAppServer_16.png
   Compressing: C:\Users\Sidscri\Documents\GitHub\sidscri-apps\KenpoFlashcardsWebServer_Packaged\packaging\..\dist\AdvancedFlashcardsWebAppServer\_internal\static\res\webappservericons\AdvancedFlashcardsWebAppServer_24.png
   Compressing: C:\Users\Sidscri\Documents\GitHub\sidscri-apps\KenpoFlashcardsWebServer_Packaged\packaging\..\dist\AdvancedFlashcardsWebAppServer\_internal\static\res\webappservericons\AdvancedFlashcardsWebAppServer_256.png
   Compressing: C:\Users\Sidscri\Documents\GitHub\sidscri-apps\KenpoFlashcardsWebServer_Packaged\packaging\..\dist\AdvancedFlashcardsWebAppServer\_internal\static\res\webappservericons\AdvancedFlashcardsWebAppServer_32.png
   Compressing: C:\Users\Sidscri\Documents\GitHub\sidscri-apps\KenpoFlashcardsWebServer_Packaged\packaging\..\dist\AdvancedFlashcardsWebAppServer\_internal\static\res\webappservericons\AdvancedFlashcardsWebAppServer_48.png
   Compressing: C:\Users\Sidscri\Documents\GitHub\sidscri-apps\KenpoFlashcardsWebServer_Packaged\packaging\..\dist\AdvancedFlashcardsWebAppServer\_internal\static\res\webappservericons\AdvancedFlashcardsWebAppServer_64.png
   Compressing: C:\Users\Sidscri\Documents\GitHub\sidscri-apps\KenpoFlashcardsWebServer_Packaged\packaging\..\dist\AdvancedFlashcardsWebAppServer\_internal\static\res\webappservericons\AdvancedFlashcardsWebAppServer_tray.png
   Compressing: C:\Users\Sidscri\Documents\GitHub\sidscri-apps\KenpoFlashcardsWebServer_Packaged\packaging\..\dist\AdvancedFlashcardsWebAppServer\_internal\werkzeug-2.3.8.dist-info\INSTALLER
   Compressing: C:\Users\Sidscri\Documents\GitHub\sidscri-apps\KenpoFlashcardsWebServer_Packaged\packaging\..\dist\AdvancedFlashcardsWebAppServer\_internal\werkzeug-2.3.8.dist-info\LICENSE.rst
   Compressing: C:\Users\Sidscri\Documents\GitHub\sidscri-apps\KenpoFlashcardsWebServer_Packaged\packaging\..\dist\AdvancedFlashcardsWebAppServer\_internal\werkzeug-2.3.8.dist-info\METADATA
   Compressing: C:\Users\Sidscri\Documents\GitHub\sidscri-apps\KenpoFlashcardsWebServer_Packaged\packaging\..\dist\AdvancedFlashcardsWebAppServer\_internal\werkzeug-2.3.8.dist-info\RECORD
   Compressing: C:\Users\Sidscri\Documents\GitHub\sidscri-apps\KenpoFlashcardsWebServer_Packaged\packaging\..\dist\AdvancedFlashcardsWebAppServer\_internal\werkzeug-2.3.8.dist-info\REQUESTED
   Compressing: C:\Users\Sidscri\Documents\GitHub\sidscri-apps\KenpoFlashcardsWebServer_Packaged\packaging\..\dist\AdvancedFlashcardsWebAppServer\_internal\werkzeug-2.3.8.dist-info\WHEEL
   Compressing: C:\Users\Sidscri\Documents\GitHub\sidscri-apps\KenpoFlashcardsWebServer_Packaged\packaging\..\dist\AdvancedFlashcardsWebAppServer\_internal\wheel-0.44.0.dist-info\entry_points.txt
   Compressing: C:\Users\Sidscri\Documents\GitHub\sidscri-apps\KenpoFlashcardsWebServer_Packaged\packaging\..\dist\AdvancedFlashcardsWebAppServer\_internal\wheel-0.44.0.dist-info\INSTALLER
   Compressing: C:\Users\Sidscri\Documents\GitHub\sidscri-apps\KenpoFlashcardsWebServer_Packaged\packaging\..\dist\AdvancedFlashcardsWebAppServer\_internal\wheel-0.44.0.dist-info\LICENSE.txt
   Compressing: C:\Users\Sidscri\Documents\GitHub\sidscri-apps\KenpoFlashcardsWebServer_Packaged\packaging\..\dist\AdvancedFlashcardsWebAppServer\_internal\wheel-0.44.0.dist-info\METADATA
   Compressing: C:\Users\Sidscri\Documents\GitHub\sidscri-apps\KenpoFlashcardsWebServer_Packaged\packaging\..\dist\AdvancedFlashcardsWebAppServer\_internal\wheel-0.44.0.dist-info\RECORD
   Compressing: C:\Users\Sidscri\Documents\GitHub\sidscri-apps\KenpoFlashcardsWebServer_Packaged\packaging\..\dist\AdvancedFlashcardsWebAppServer\_internal\wheel-0.44.0.dist-info\WHEEL
   Compressing: C:\Users\Sidscri\Documents\GitHub\sidscri-apps\KenpoFlashcardsWebServer_Packaged\packaging\..\service\install_service_winsw.ps1
   Compressing: C:\Users\Sidscri\Documents\GitHub\sidscri-apps\KenpoFlashcardsWebServer_Packaged\packaging\..\service\uninstall_service_winsw.ps1
   Compressing: C:\Users\Sidscri\Documents\GitHub\sidscri-apps\KenpoFlashcardsWebServer_Packaged\packaging\..\service\SERVICE_WINSW_README.txt
   Compressing Setup program executable
   Updating version info (Setup.exe)
   Updating manifest (Setup.exe)

Warning: Architecture identifier "x64" is deprecated. Substituting "x64os", but note that "x64compatible" is preferred in most cases. See the "Architecture Identifiers" topic in help file for more information.
Warning: There are [UninstallRun] section entries without a RunOnceId parameter. By assigning a string to RunOnceId, you can ensure that a particular [UninstallRun] entry will only be executed once during uninstallation. See the "[UninstallRun]" topic in help file for more information.
Warning: The [Setup] section directive "PrivilegesRequired" is set to "admin" but per-user areas (HKCU) are used by the script. Regardless of the version of Windows, if the installation is running in administrative install mode then you should be careful about making any per-user area changes: such changes may not achieve what you are intending. See the "UsedUserAreasWarning" topic in help file for more information.

Successful compile (4.969 sec). Resulting Setup program filename is:
C:\Users\Sidscri\Documents\GitHub\sidscri-apps\KenpoFlashcardsWebServer_Packaged\packaging\output\AdvancedFlashcardsWebAppServer-5.2.0.exe
