============================================================
Preflight Release Build
Started: Fri 02/06/2026 17:16:30.84
Folder : C:\Users\Sidscri\Documents\GitHub\sidscri-apps\kenpoflashcardsproject-v2
Log    : C:\Users\Sidscri\Documents\GitHub\sidscri-apps\kenpoflashcardsproject-v2\logs\preflight_release_20260206_171630.log
============================================================
[PROGRESS] 0% - Starting...
[PROGRESS] 5% - STEP 0/5: Sanity checks (gradlew, wrapper props)

------------------------------------------------------------
[Fri 02/06/2026 17:16:30.96] Wrapper properties
CMD: type gradle\wrapper\gradle-wrapper.properties
[ExitCode=0]
distributionBase=GRADLE_USER_HOME
distributionPath=wrapper/dists
distributionUrl=https\://services.gradle.org/distributions/gradle-8.7-bin.zip
networkTimeout=10000
validateDistributionUrl=true
zipStoreBase=GRADLE_USER_HOME
zipStorePath=wrapper/dists
[PROGRESS] 20% - STEP 1/5: Verify Gradle wrapper JAR exists
[PROGRESS] 35% - STEP 2/5: gradlew --version (confirm wrapper works)

------------------------------------------------------------
[Fri 02/06/2026 17:16:31.09] .\gradlew.bat --version
------------------------------------------------------------

------------------------------------------------------------
Gradle 8.7
------------------------------------------------------------

Build time:   2024-03-22 15:52:46 UTC
Revision:     650af14d7653aa949fce5e886e685efc9cf97c10

Kotlin:       1.9.22
Groovy:       3.0.17
Ant:          Apache Ant(TM) version 1.10.13 compiled on January 4 2023
JVM:          17.0.17 (Eclipse Adoptium 17.0.17+10)
OS:           Windows 10 10.0 amd64

[ExitCode=0]
[PROGRESS] 50% - STEP 3/5: Clean

------------------------------------------------------------
[Fri 02/06/2026 17:16:32.61] .\gradlew.bat clean
------------------------------------------------------------
> Task :app:clean UP-TO-DATE

BUILD SUCCESSFUL in 2s
1 actionable task: 1 up-to-date
[ExitCode=0]
[PROGRESS] 70% - STEP 4/5: Kotlin compile (Release) + stacktrace

------------------------------------------------------------
[Fri 02/06/2026 17:16:35.87] .\gradlew.bat :app:compileReleaseKotlin --stacktrace
------------------------------------------------------------
> Task :app:checkKotlinGradlePluginConfigurationErrors
> Task :app:preBuild UP-TO-DATE
> Task :app:preReleaseBuild UP-TO-DATE
> Task :app:generateReleaseResValues
> Task :app:checkReleaseAarMetadata
> Task :app:mapReleaseSourceSetPaths
> Task :app:generateReleaseResources
> Task :app:packageReleaseResources
> Task :app:createReleaseCompatibleScreenManifests
> Task :app:extractDeepLinksRelease
> Task :app:parseReleaseLocalResources
> Task :app:mergeReleaseResources
> Task :app:processReleaseMainManifest
> Task :app:processReleaseManifest
> Task :app:processReleaseManifestForPackage
> Task :app:processReleaseResources
> Task :app:compileReleaseKotlin
w: file:///C:/Users/Sidscri/Documents/GitHub/sidscri-apps/kenpoflashcardsproject-v2/app/src/main/java/com/example/kenpoflashcards/MainActivity.kt:126:59 'Help: ImageVector' is deprecated. Use the AutoMirrored version at Icons.AutoMirrored.Filled.Help
w: file:///C:/Users/Sidscri/Documents/GitHub/sidscri-apps/kenpoflashcardsproject-v2/app/src/main/java/com/example/kenpoflashcards/MainActivity.kt:128:59 'List: ImageVector' is deprecated. Use the AutoMirrored version at Icons.AutoMirrored.Filled.List
w: file:///C:/Users/Sidscri/Documents/GitHub/sidscri-apps/kenpoflashcardsproject-v2/app/src/main/java/com/example/kenpoflashcards/MainActivity.kt:135:59 'Help: ImageVector' is deprecated. Use the AutoMirrored version at Icons.AutoMirrored.Filled.Help
w: file:///C:/Users/Sidscri/Documents/GitHub/sidscri-apps/kenpoflashcardsproject-v2/app/src/main/java/com/example/kenpoflashcards/MainActivity.kt:137:59 'List: ImageVector' is deprecated. Use the AutoMirrored version at Icons.AutoMirrored.Filled.List
w: file:///C:/Users/Sidscri/Documents/GitHub/sidscri-apps/kenpoflashcardsproject-v2/app/src/main/java/com/example/kenpoflashcards/MainActivity.kt:210:55 Parameter 'landscape' is never used
w: file:///C:/Users/Sidscri/Documents/GitHub/sidscri-apps/kenpoflashcardsproject-v2/app/src/main/java/com/example/kenpoflashcards/MainActivity.kt:293:5 Parameter 'showSearch' is never used
w: file:///C:/Users/Sidscri/Documents/GitHub/sidscri-apps/kenpoflashcardsproject-v2/app/src/main/java/com/example/kenpoflashcards/MainActivity.kt:347:104 'VolumeUp: ImageVector' is deprecated. Use the AutoMirrored version at Icons.AutoMirrored.Filled.VolumeUp
w: file:///C:/Users/Sidscri/Documents/GitHub/sidscri-apps/kenpoflashcardsproject-v2/app/src/main/java/com/example/kenpoflashcards/MainActivity.kt:483:138 Unnecessary safe call on a non-null receiver of type FlashCard?
w: file:///C:/Users/Sidscri/Documents/GitHub/sidscri-apps/kenpoflashcardsproject-v2/app/src/main/java/com/example/kenpoflashcards/MainActivity.kt:483:163 Unnecessary safe call on a non-null receiver of type FlashCard?
w: file:///C:/Users/Sidscri/Documents/GitHub/sidscri-apps/kenpoflashcardsproject-v2/app/src/main/java/com/example/kenpoflashcards/MainActivity.kt:483:256 'VolumeUp: ImageVector' is deprecated. Use the AutoMirrored version at Icons.AutoMirrored.Filled.VolumeUp
w: file:///C:/Users/Sidscri/Documents/GitHub/sidscri-apps/kenpoflashcardsproject-v2/app/src/main/java/com/example/kenpoflashcards/MainActivity.kt:647:257 'VolumeUp: ImageVector' is deprecated. Use the AutoMirrored version at Icons.AutoMirrored.Filled.VolumeUp
w: file:///C:/Users/Sidscri/Documents/GitHub/sidscri-apps/kenpoflashcardsproject-v2/app/src/main/java/com/example/kenpoflashcards/MainActivity.kt:685:9 Variable 'landscape' is never used
w: file:///C:/Users/Sidscri/Documents/GitHub/sidscri-apps/kenpoflashcardsproject-v2/app/src/main/java/com/example/kenpoflashcards/MainActivity.kt:763:9 Variable 'progress' is never used
w: file:///C:/Users/Sidscri/Documents/GitHub/sidscri-apps/kenpoflashcardsproject-v2/app/src/main/java/com/example/kenpoflashcards/MainActivity.kt:897:275 'VolumeUp: ImageVector' is deprecated. Use the AutoMirrored version at Icons.AutoMirrored.Filled.VolumeUp
w: file:///C:/Users/Sidscri/Documents/GitHub/sidscri-apps/kenpoflashcardsproject-v2/app/src/main/java/com/example/kenpoflashcards/MainActivity.kt:959:261 'VolumeUp: ImageVector' is deprecated. Use the AutoMirrored version at Icons.AutoMirrored.Filled.VolumeUp
w: file:///C:/Users/Sidscri/Documents/GitHub/sidscri-apps/kenpoflashcardsproject-v2/app/src/main/java/com/example/kenpoflashcards/MainActivity.kt:1018:21 'Divider(Modifier = ..., Dp = ..., Color = ...): Unit' is deprecated. Renamed to HorizontalDivider
w: file:///C:/Users/Sidscri/Documents/GitHub/sidscri-apps/kenpoflashcardsproject-v2/app/src/main/java/com/example/kenpoflashcards/MainActivity.kt:1099:9 Variable 'csvLauncher' is never used
w: file:///C:/Users/Sidscri/Documents/GitHub/sidscri-apps/kenpoflashcardsproject-v2/app/src/main/java/com/example/kenpoflashcards/MainActivity.kt:1243:9 Variable 'redeemCode' is never used
w: file:///C:/Users/Sidscri/Documents/GitHub/sidscri-apps/kenpoflashcardsproject-v2/app/src/main/java/com/example/kenpoflashcards/MainActivity.kt:1256:92 'ArrowBack: ImageVector' is deprecated. Use the AutoMirrored version at Icons.AutoMirrored.Filled.ArrowBack
w: file:///C:/Users/Sidscri/Documents/GitHub/sidscri-apps/kenpoflashcardsproject-v2/app/src/main/java/com/example/kenpoflashcards/MainActivity.kt:1637:209 'ArrowBack: ImageVector' is deprecated. Use the AutoMirrored version at Icons.AutoMirrored.Filled.ArrowBack
w: file:///C:/Users/Sidscri/Documents/GitHub/sidscri-apps/kenpoflashcardsproject-v2/app/src/main/java/com/example/kenpoflashcards/MainActivity.kt:1707:36 'MenuBook: ImageVector' is deprecated. Use the AutoMirrored version at Icons.AutoMirrored.Filled.MenuBook
w: file:///C:/Users/Sidscri/Documents/GitHub/sidscri-apps/kenpoflashcardsproject-v2/app/src/main/java/com/example/kenpoflashcards/MainActivity.kt:1740:9 Variable 'redeemCode' is never used
w: file:///C:/Users/Sidscri/Documents/GitHub/sidscri-apps/kenpoflashcardsproject-v2/app/src/main/java/com/example/kenpoflashcards/MainActivity.kt:1746:209 'ArrowBack: ImageVector' is deprecated. Use the AutoMirrored version at Icons.AutoMirrored.Filled.ArrowBack
w: file:///C:/Users/Sidscri/Documents/GitHub/sidscri-apps/kenpoflashcardsproject-v2/app/src/main/java/com/example/kenpoflashcards/MainActivity.kt:1770:40 'Logout: ImageVector' is deprecated. Use the AutoMirrored version at Icons.AutoMirrored.Filled.Logout
w: file:///C:/Users/Sidscri/Documents/GitHub/sidscri-apps/kenpoflashcardsproject-v2/app/src/main/java/com/example/kenpoflashcards/MainActivity.kt:1882:40 'Login: ImageVector' is deprecated. Use the AutoMirrored version at Icons.AutoMirrored.Filled.Login
w: file:///C:/Users/Sidscri/Documents/GitHub/sidscri-apps/kenpoflashcardsproject-v2/app/src/main/java/com/example/kenpoflashcards/MainActivity.kt:1915:9 Variable 'redeemCode' is never used
w: file:///C:/Users/Sidscri/Documents/GitHub/sidscri-apps/kenpoflashcardsproject-v2/app/src/main/java/com/example/kenpoflashcards/MainActivity.kt:1922:217 'ArrowBack: ImageVector' is deprecated. Use the AutoMirrored version at Icons.AutoMirrored.Filled.ArrowBack
w: file:///C:/Users/Sidscri/Documents/GitHub/sidscri-apps/kenpoflashcardsproject-v2/app/src/main/java/com/example/kenpoflashcards/MainActivity.kt:1939:106 'Login: ImageVector' is deprecated. Use the AutoMirrored version at Icons.AutoMirrored.Filled.Login
w: file:///C:/Users/Sidscri/Documents/GitHub/sidscri-apps/kenpoflashcardsproject-v2/app/src/main/java/com/example/kenpoflashcards/MainActivity.kt:2064:214 'ArrowBack: ImageVector' is deprecated. Use the AutoMirrored version at Icons.AutoMirrored.Filled.ArrowBack
w: file:///C:/Users/Sidscri/Documents/GitHub/sidscri-apps/kenpoflashcardsproject-v2/app/src/main/java/com/example/kenpoflashcards/MainActivity.kt:2175:9 Variable 'context' is never used
w: file:///C:/Users/Sidscri/Documents/GitHub/sidscri-apps/kenpoflashcardsproject-v2/app/src/main/java/com/example/kenpoflashcards/MainActivity.kt:2185:9 Variable 'redeemCode' is never used
w: file:///C:/Users/Sidscri/Documents/GitHub/sidscri-apps/kenpoflashcardsproject-v2/app/src/main/java/com/example/kenpoflashcards/MainActivity.kt:2262:92 'ArrowBack: ImageVector' is deprecated. Use the AutoMirrored version at Icons.AutoMirrored.Filled.ArrowBack
w: file:///C:/Users/Sidscri/Documents/GitHub/sidscri-apps/kenpoflashcardsproject-v2/app/src/main/java/com/example/kenpoflashcards/MainActivity.kt:2525:78 Parameter 'idx' is never used, could be renamed to _
w: file:///C:/Users/Sidscri/Documents/GitHub/sidscri-apps/kenpoflashcardsproject-v2/app/src/main/java/com/example/kenpoflashcards/Repository.kt:37:35 Condition 'it.deckId == null' is always 'false'
w: file:///C:/Users/Sidscri/Documents/GitHub/sidscri-apps/kenpoflashcardsproject-v2/app/src/main/java/com/example/kenpoflashcards/Store.kt:305:216 Type mismatch: inferred type is Nothing? but String was expected
w: file:///C:/Users/Sidscri/Documents/GitHub/sidscri-apps/kenpoflashcardsproject-v2/app/src/main/java/com/example/kenpoflashcards/Store.kt:366:58 Type mismatch: inferred type is Nothing? but String was expected
w: file:///C:/Users/Sidscri/Documents/GitHub/sidscri-apps/kenpoflashcardsproject-v2/app/src/main/java/com/example/kenpoflashcards/Store.kt:366:63 Unnecessary safe call on a non-null receiver of type String!
w: file:///C:/Users/Sidscri/Documents/GitHub/sidscri-apps/kenpoflashcardsproject-v2/app/src/main/java/com/example/kenpoflashcards/Store.kt:367:130 Type mismatch: inferred type is Nothing? but String was expected
w: file:///C:/Users/Sidscri/Documents/GitHub/sidscri-apps/kenpoflashcardsproject-v2/app/src/main/java/com/example/kenpoflashcards/Store.kt:367:135 Unnecessary safe call on a non-null receiver of type String!
w: file:///C:/Users/Sidscri/Documents/GitHub/sidscri-apps/kenpoflashcardsproject-v2/app/src/main/java/com/example/kenpoflashcards/Store.kt:674:52 Type mismatch: inferred type is Nothing? but String was expected
w: file:///C:/Users/Sidscri/Documents/GitHub/sidscri-apps/kenpoflashcardsproject-v2/app/src/main/java/com/example/kenpoflashcards/Store.kt:674:57 Unnecessary safe call on a non-null receiver of type String!
w: file:///C:/Users/Sidscri/Documents/GitHub/sidscri-apps/kenpoflashcardsproject-v2/app/src/main/java/com/example/kenpoflashcards/Store.kt:678:48 Type mismatch: inferred type is Nothing? but String was expected
w: file:///C:/Users/Sidscri/Documents/GitHub/sidscri-apps/kenpoflashcardsproject-v2/app/src/main/java/com/example/kenpoflashcards/Store.kt:678:53 Unnecessary safe call on a non-null receiver of type String!
w: file:///C:/Users/Sidscri/Documents/GitHub/sidscri-apps/kenpoflashcardsproject-v2/app/src/main/java/com/example/kenpoflashcards/Store.kt:697:48 Type mismatch: inferred type is Nothing? but String was expected
w: file:///C:/Users/Sidscri/Documents/GitHub/sidscri-apps/kenpoflashcardsproject-v2/app/src/main/java/com/example/kenpoflashcards/Store.kt:697:53 Unnecessary safe call on a non-null receiver of type String!
w: file:///C:/Users/Sidscri/Documents/GitHub/sidscri-apps/kenpoflashcardsproject-v2/app/src/main/java/com/example/kenpoflashcards/Store.kt:699:40 Type mismatch: inferred type is Nothing? but String was expected
w: file:///C:/Users/Sidscri/Documents/GitHub/sidscri-apps/kenpoflashcardsproject-v2/app/src/main/java/com/example/kenpoflashcards/Store.kt:699:45 Unnecessary safe call on a non-null receiver of type String!
w: file:///C:/Users/Sidscri/Documents/GitHub/sidscri-apps/kenpoflashcardsproject-v2/app/src/main/java/com/example/kenpoflashcards/WebAppSync.kt:297:67 Type mismatch: inferred type is Nothing? but String was expected
w: file:///C:/Users/Sidscri/Documents/GitHub/sidscri-apps/kenpoflashcardsproject-v2/app/src/main/java/com/example/kenpoflashcards/WebAppSync.kt:621:67 Type mismatch: inferred type is Nothing? but String was expected
w: file:///C:/Users/Sidscri/Documents/GitHub/sidscri-apps/kenpoflashcardsproject-v2/app/src/main/java/com/example/kenpoflashcards/WebAppSync.kt:625:63 Type mismatch: inferred type is Nothing? but String was expected
w: file:///C:/Users/Sidscri/Documents/GitHub/sidscri-apps/kenpoflashcardsproject-v2/app/src/main/java/com/example/kenpoflashcards/WebAppSync.kt:718:63 Type mismatch: inferred type is Nothing? but String was expected
w: file:///C:/Users/Sidscri/Documents/GitHub/sidscri-apps/kenpoflashcardsproject-v2/app/src/main/java/com/example/kenpoflashcards/WebAppSync.kt:720:55 Type mismatch: inferred type is Nothing? but String was expected
w: file:///C:/Users/Sidscri/Documents/GitHub/sidscri-apps/kenpoflashcardsproject-v2/app/src/main/java/com/example/kenpoflashcards/WebAppSync.kt:819:63 Type mismatch: inferred type is Nothing? but String was expected
w: file:///C:/Users/Sidscri/Documents/GitHub/sidscri-apps/kenpoflashcardsproject-v2/app/src/main/java/com/example/kenpoflashcards/WebAppSync.kt:821:55 Type mismatch: inferred type is Nothing? but String was expected

BUILD SUCCESSFUL in 1m 30s
15 actionable tasks: 15 executed
[ExitCode=0]
[PROGRESS] 90% - STEP 5/5: Assemble Release (optional but useful)

------------------------------------------------------------
[Fri 02/06/2026 17:18:06.96] .\gradlew.bat :app:assembleRelease --stacktrace
------------------------------------------------------------
> Task :app:buildKotlinToolingMetadata
> Task :app:checkKotlinGradlePluginConfigurationErrors
> Task :app:preBuild UP-TO-DATE
> Task :app:preReleaseBuild UP-TO-DATE
> Task :app:checkReleaseAarMetadata UP-TO-DATE
> Task :app:generateReleaseResValues UP-TO-DATE
> Task :app:mapReleaseSourceSetPaths UP-TO-DATE
> Task :app:generateReleaseResources UP-TO-DATE
> Task :app:mergeReleaseResources UP-TO-DATE
> Task :app:packageReleaseResources UP-TO-DATE
> Task :app:parseReleaseLocalResources UP-TO-DATE
> Task :app:createReleaseCompatibleScreenManifests UP-TO-DATE
> Task :app:extractDeepLinksRelease UP-TO-DATE
> Task :app:processReleaseMainManifest UP-TO-DATE
> Task :app:processReleaseManifest UP-TO-DATE
> Task :app:processReleaseManifestForPackage UP-TO-DATE
> Task :app:processReleaseResources UP-TO-DATE
> Task :app:compileReleaseKotlin UP-TO-DATE
> Task :app:javaPreCompileRelease
> Task :app:extractProguardFiles
> Task :app:compileReleaseJavaWithJavac NO-SOURCE
> Task :app:generateReleaseLintVitalReportModel
> Task :app:mergeReleaseJniLibFolders
> Task :app:mergeReleaseNativeLibs

> Task :app:stripReleaseDebugSymbols
Unable to strip the following libraries, packaging them as they are: libdatastore_shared_counter.so.

> Task :app:checkReleaseDuplicateClasses
> Task :app:dexBuilderRelease
> Task :app:extractReleaseNativeSymbolTables
> Task :app:desugarReleaseFileDependencies
> Task :app:mergeReleaseNativeDebugMetadata NO-SOURCE
> Task :app:mergeReleaseStartupProfile
> Task :app:mergeReleaseArtProfile
> Task :app:mergeReleaseShaders
> Task :app:compileReleaseShaders NO-SOURCE
> Task :app:generateReleaseAssets UP-TO-DATE
> Task :app:mergeReleaseGlobalSynthetics
> Task :app:mergeReleaseAssets
> Task :app:compressReleaseAssets
> Task :app:extractReleaseVersionControlInfo
> Task :app:processReleaseJavaRes
> Task :app:collectReleaseDependencies
> Task :app:sdkReleaseDependencyData
> Task :app:writeReleaseAppMetadata
> Task :app:writeReleaseSigningConfigVersions
> Task :app:optimizeReleaseResources
> Task :app:lintVitalAnalyzeRelease
> Task :app:mergeReleaseJavaResource
> Task :app:mergeExtDexRelease
> Task :app:mergeDexRelease
> Task :app:compileReleaseArtProfile
> Task :app:packageRelease
> Task :app:createReleaseApkListingFileRedirect
> Task :app:lintVitalReportRelease
> Task :app:lintVitalRelease
> Task :app:assembleRelease

BUILD SUCCESSFUL in 1m 13s
48 actionable tasks: 34 executed, 14 up-to-date
[ExitCode=0]
[PROGRESS] 100% - ALL DONE

PRECHECK SUCCESS: Fri 02/06/2026 17:19:21.83
