START Fri 02/06/2026 16:24:04.51
BASE=C:\Users\Sidscri\Documents\GitHub\sidscri-apps
SRC=C:\Users\Sidscri\Documents\GitHub\sidscri-apps\KenpoFlashcardsWebServer_Packaged_Synced
VERJSON=C:\Users\Sidscri\Documents\GitHub\sidscri-apps\KenpoFlashcardsWebServer_Packaged_Synced\version.json
PROJ_ZIP=KenpoFlashcardsWebServer_Packaged
SEVENZIP=C:\Program Files\7-Zip\7z.exe
VER=5.2.1
BUILD=21
WSVER=8.7.0
WSBUILD=60
WSSUFFIX=-ws8.7.0_b60
ZIPPATH=C:\Users\Sidscri\Documents\GitHub\sidscri-apps\KenpoFlashcardsWebServer_Packaged-v5.2.1 v21-ws8.7.0_b60.zip
STAGE=C:\Users\Sidscri\Documents\GitHub\sidscri-apps\_zip_stage

ROBOCOPY_EXIT_CODE=1
Could Not Find C:\Users\Sidscri\Documents\GitHub\sidscri-apps\_zip_stage\KenpoFlashcardsWebServer_Packaged\*.pyc
Running 7z (from stage)...

7-Zip 25.01 (x64) : Copyright (c) 1999-2025 Igor Pavlov : 2025-08-03

Scanning the drive:
41 folders, 117 files, 17340747 bytes (17 MiB)

Creating archive: C:\Users\Sidscri\Documents\GitHub\sidscri-apps\KenpoFlashcardsWebServer_Packaged-v5.2.1 v21-ws8.7.0_b60.zip

Add new data to archive: 41 folders, 117 files, 17340747 bytes (17 MiB)


Files read from disk: 117
Archive size: 15921547 bytes (16 MiB)
Everything is Ok
7Z_EXIT_CODE=0
SUCCESS
