START Fri 02/06/2026 11:03:36.62
BASE=C:\Users\Sidscri\Documents\GitHub\sidscri-apps
SRC=C:\Users\Sidscri\Documents\GitHub\sidscri-apps\tools\SyncTool-WebServerToPackaged
VERJSON=C:\Users\Sidscri\Documents\GitHub\sidscri-apps\tools\SyncTool-WebServerToPackaged\version.json
SEVENZIP=C:\Program Files\7-Zip\7z.exe
RAW_VER=3.0.5
RAW_BUILD=15
ZIPPATH=C:\Users\Sidscri\Documents\GitHub\sidscri-apps\SyncTool-WebServerToPackaged-v3.0.5 v15.zip
STAGE=C:\Users\Sidscri\Documents\GitHub\sidscri-apps\_zip_stage

ROBOCOPY_EXIT_CODE=1
Could Not Find C:\Users\Sidscri\Documents\GitHub\sidscri-apps\_zip_stage\tools\SyncTool-WebServerToPackaged\*.pyc
Running 7z (from stage)...

7-Zip 25.01 (x64) : Copyright (c) 1999-2025 Igor Pavlov : 2025-08-03

Scanning the drive:
162 folders, 474 files, 15670209 bytes (15 MiB)

Creating archive: C:\Users\Sidscri\Documents\GitHub\sidscri-apps\SyncTool-WebServerToPackaged-v3.0.5 v15.zip

Add new data to archive: 162 folders, 474 files, 15670209 bytes (15 MiB)


Files read from disk: 474
Archive size: 12072615 bytes (12 MiB)
Everything is Ok
7Z_EXIT_CODE=0
Verified: no .venv paths detected
SUCCESS
