============================================================
Compile Release Kotlin (FAST)
Started: Thu 01/29/2026 23:30:36.40
Folder : C:\Users\Sidscri\Documents\GitHub\sidscri-apps\KenpoFlashcardsProject-v2
Log    : C:\Users\Sidscri\Documents\GitHub\sidscri-apps\KenpoFlashcardsProject-v2\logs\compile_release_fast_20260129_233036.log
============================================================
[PROGRESS] 10% - gradlew --version

------------------------------------------------------------
[Thu 01/29/2026 23:30:36.47] CMD: .\gradlew.bat --version
------------------------------------------------------------

------------------------------------------------------------
Gradle 8.7
------------------------------------------------------------

Build time:   2024-03-22 15:52:46 UTC
Revision:     650af14d7653aa949fce5e886e685efc9cf97c10

Kotlin:       1.9.22
Groovy:       3.0.17
Ant:          Apache Ant(TM) version 1.10.13 compiled on January 4 2023
JVM:          17.0.17 (Eclipse Adoptium 17.0.17+10)
OS:           Windows 10 10.0 amd64

[ExitCode=0]
[PROGRESS] 35% - compileReleaseKotlin

------------------------------------------------------------
[Thu 01/29/2026 23:30:37.74] CMD: .\gradlew.bat :app:compileReleaseKotlin --stacktrace
------------------------------------------------------------
> Task :app:checkKotlinGradlePluginConfigurationErrors
> Task :app:preBuild UP-TO-DATE
> Task :app:preReleaseBuild UP-TO-DATE
> Task :app:generateReleaseResValues
> Task :app:checkReleaseAarMetadata
> Task :app:mapReleaseSourceSetPaths
> Task :app:generateReleaseResources
> Task :app:packageReleaseResources
> Task :app:createReleaseCompatibleScreenManifests
> Task :app:parseReleaseLocalResources
> Task :app:extractDeepLinksRelease
> Task :app:processReleaseMainManifest
> Task :app:processReleaseManifest
> Task :app:processReleaseManifestForPackage
> Task :app:mergeReleaseResources
> Task :app:processReleaseResources

> Task :app:compileReleaseKotlin
w: file:///C:/Users/Sidscri/Documents/GitHub/sidscri-apps/KenpoFlashcardsProject-v2/app/src/main/java/com/example/kenpoflashcards/MainActivity.kt:125:59 'Help: ImageVector' is deprecated. Use the AutoMirrored version at Icons.AutoMirrored.Filled.Help
w: file:///C:/Users/Sidscri/Documents/GitHub/sidscri-apps/KenpoFlashcardsProject-v2/app/src/main/java/com/example/kenpoflashcards/MainActivity.kt:127:59 'List: ImageVector' is deprecated. Use the AutoMirrored version at Icons.AutoMirrored.Filled.List
w: file:///C:/Users/Sidscri/Documents/GitHub/sidscri-apps/KenpoFlashcardsProject-v2/app/src/main/java/com/example/kenpoflashcards/MainActivity.kt:134:59 'Help: ImageVector' is deprecated. Use the AutoMirrored version at Icons.AutoMirrored.Filled.Help
w: file:///C:/Users/Sidscri/Documents/GitHub/sidscri-apps/KenpoFlashcardsProject-v2/app/src/main/java/com/example/kenpoflashcards/MainActivity.kt:136:59 'List: ImageVector' is deprecated. Use the AutoMirrored version at Icons.AutoMirrored.Filled.List
w: file:///C:/Users/Sidscri/Documents/GitHub/sidscri-apps/KenpoFlashcardsProject-v2/app/src/main/java/com/example/kenpoflashcards/MainActivity.kt:209:55 Parameter 'landscape' is never used
w: file:///C:/Users/Sidscri/Documents/GitHub/sidscri-apps/KenpoFlashcardsProject-v2/app/src/main/java/com/example/kenpoflashcards/MainActivity.kt:292:5 Parameter 'showSearch' is never used
w: file:///C:/Users/Sidscri/Documents/GitHub/sidscri-apps/KenpoFlashcardsProject-v2/app/src/main/java/com/example/kenpoflashcards/MainActivity.kt:346:104 'VolumeUp: ImageVector' is deprecated. Use the AutoMirrored version at Icons.AutoMirrored.Filled.VolumeUp
w: file:///C:/Users/Sidscri/Documents/GitHub/sidscri-apps/KenpoFlashcardsProject-v2/app/src/main/java/com/example/kenpoflashcards/MainActivity.kt:482:138 Unnecessary safe call on a non-null receiver of type FlashCard?
w: file:///C:/Users/Sidscri/Documents/GitHub/sidscri-apps/KenpoFlashcardsProject-v2/app/src/main/java/com/example/kenpoflashcards/MainActivity.kt:482:163 Unnecessary safe call on a non-null receiver of type FlashCard?
w: file:///C:/Users/Sidscri/Documents/GitHub/sidscri-apps/KenpoFlashcardsProject-v2/app/src/main/java/com/example/kenpoflashcards/MainActivity.kt:482:256 'VolumeUp: ImageVector' is deprecated. Use the AutoMirrored version at Icons.AutoMirrored.Filled.VolumeUp
w: file:///C:/Users/Sidscri/Documents/GitHub/sidscri-apps/KenpoFlashcardsProject-v2/app/src/main/java/com/example/kenpoflashcards/MainActivity.kt:646:257 'VolumeUp: ImageVector' is deprecated. Use the AutoMirrored version at Icons.AutoMirrored.Filled.VolumeUp
w: file:///C:/Users/Sidscri/Documents/GitHub/sidscri-apps/KenpoFlashcardsProject-v2/app/src/main/java/com/example/kenpoflashcards/MainActivity.kt:684:9 Variable 'landscape' is never used
w: file:///C:/Users/Sidscri/Documents/GitHub/sidscri-apps/KenpoFlashcardsProject-v2/app/src/main/java/com/example/kenpoflashcards/MainActivity.kt:762:9 Variable 'progress' is never used
w: file:///C:/Users/Sidscri/Documents/GitHub/sidscri-apps/KenpoFlashcardsProject-v2/app/src/main/java/com/example/kenpoflashcards/MainActivity.kt:896:275 'VolumeUp: ImageVector' is deprecated. Use the AutoMirrored version at Icons.AutoMirrored.Filled.VolumeUp
w: file:///C:/Users/Sidscri/Documents/GitHub/sidscri-apps/KenpoFlashcardsProject-v2/app/src/main/java/com/example/kenpoflashcards/MainActivity.kt:958:261 'VolumeUp: ImageVector' is deprecated. Use the AutoMirrored version at Icons.AutoMirrored.Filled.VolumeUp
w: file:///C:/Users/Sidscri/Documents/GitHub/sidscri-apps/KenpoFlashcardsProject-v2/app/src/main/java/com/example/kenpoflashcards/MainActivity.kt:1017:21 'Divider(Modifier = ..., Dp = ..., Color = ...): Unit' is deprecated. Renamed to HorizontalDivider
w: file:///C:/Users/Sidscri/Documents/GitHub/sidscri-apps/KenpoFlashcardsProject-v2/app/src/main/java/com/example/kenpoflashcards/MainActivity.kt:1098:9 Variable 'csvLauncher' is never used
w: file:///C:/Users/Sidscri/Documents/GitHub/sidscri-apps/KenpoFlashcardsProject-v2/app/src/main/java/com/example/kenpoflashcards/MainActivity.kt:1242:9 Variable 'redeemCode' is never used
w: file:///C:/Users/Sidscri/Documents/GitHub/sidscri-apps/KenpoFlashcardsProject-v2/app/src/main/java/com/example/kenpoflashcards/MainActivity.kt:1255:92 'ArrowBack: ImageVector' is deprecated. Use the AutoMirrored version at Icons.AutoMirrored.Filled.ArrowBack
w: file:///C:/Users/Sidscri/Documents/GitHub/sidscri-apps/KenpoFlashcardsProject-v2/app/src/main/java/com/example/kenpoflashcards/MainActivity.kt:1636:209 'ArrowBack: ImageVector' is deprecated. Use the AutoMirrored version at Icons.AutoMirrored.Filled.ArrowBack
w: file:///C:/Users/Sidscri/Documents/GitHub/sidscri-apps/KenpoFlashcardsProject-v2/app/src/main/java/com/example/kenpoflashcards/MainActivity.kt:1706:36 'MenuBook: ImageVector' is deprecated. Use the AutoMirrored version at Icons.AutoMirrored.Filled.MenuBook
w: file:///C:/Users/Sidscri/Documents/GitHub/sidscri-apps/KenpoFlashcardsProject-v2/app/src/main/java/com/example/kenpoflashcards/MainActivity.kt:1739:9 Variable 'redeemCode' is never used
w: file:///C:/Users/Sidscri/Documents/GitHub/sidscri-apps/KenpoFlashcardsProject-v2/app/src/main/java/com/example/kenpoflashcards/MainActivity.kt:1745:209 'ArrowBack: ImageVector' is deprecated. Use the AutoMirrored version at Icons.AutoMirrored.Filled.ArrowBack
w: file:///C:/Users/Sidscri/Documents/GitHub/sidscri-apps/KenpoFlashcardsProject-v2/app/src/main/java/com/example/kenpoflashcards/MainActivity.kt:1769:40 'Logout: ImageVector' is deprecated. Use the AutoMirrored version at Icons.AutoMirrored.Filled.Logout
w: file:///C:/Users/Sidscri/Documents/GitHub/sidscri-apps/KenpoFlashcardsProject-v2/app/src/main/java/com/example/kenpoflashcards/MainActivity.kt:1854:40 'Login: ImageVector' is deprecated. Use the AutoMirrored version at Icons.AutoMirrored.Filled.Login
w: file:///C:/Users/Sidscri/Documents/GitHub/sidscri-apps/KenpoFlashcardsProject-v2/app/src/main/java/com/example/kenpoflashcards/MainActivity.kt:1887:9 Variable 'redeemCode' is never used
w: file:///C:/Users/Sidscri/Documents/GitHub/sidscri-apps/KenpoFlashcardsProject-v2/app/src/main/java/com/example/kenpoflashcards/MainActivity.kt:1894:217 'ArrowBack: ImageVector' is deprecated. Use the AutoMirrored version at Icons.AutoMirrored.Filled.ArrowBack
w: file:///C:/Users/Sidscri/Documents/GitHub/sidscri-apps/KenpoFlashcardsProject-v2/app/src/main/java/com/example/kenpoflashcards/MainActivity.kt:1911:106 'Login: ImageVector' is deprecated. Use the AutoMirrored version at Icons.AutoMirrored.Filled.Login
w: file:///C:/Users/Sidscri/Documents/GitHub/sidscri-apps/KenpoFlashcardsProject-v2/app/src/main/java/com/example/kenpoflashcards/MainActivity.kt:2036:214 'ArrowBack: ImageVector' is deprecated. Use the AutoMirrored version at Icons.AutoMirrored.Filled.ArrowBack
w: file:///C:/Users/Sidscri/Documents/GitHub/sidscri-apps/KenpoFlashcardsProject-v2/app/src/main/java/com/example/kenpoflashcards/MainActivity.kt:2147:9 Variable 'context' is never used
w: file:///C:/Users/Sidscri/Documents/GitHub/sidscri-apps/KenpoFlashcardsProject-v2/app/src/main/java/com/example/kenpoflashcards/MainActivity.kt:2157:9 Variable 'redeemCode' is never used
w: file:///C:/Users/Sidscri/Documents/GitHub/sidscri-apps/KenpoFlashcardsProject-v2/app/src/main/java/com/example/kenpoflashcards/MainActivity.kt:2228:92 'ArrowBack: ImageVector' is deprecated. Use the AutoMirrored version at Icons.AutoMirrored.Filled.ArrowBack
w: file:///C:/Users/Sidscri/Documents/GitHub/sidscri-apps/KenpoFlashcardsProject-v2/app/src/main/java/com/example/kenpoflashcards/MainActivity.kt:2463:78 Parameter 'idx' is never used, could be renamed to _
w: file:///C:/Users/Sidscri/Documents/GitHub/sidscri-apps/KenpoFlashcardsProject-v2/app/src/main/java/com/example/kenpoflashcards/Repository.kt:37:35 Condition 'it.deckId == null' is always 'false'
w: file:///C:/Users/Sidscri/Documents/GitHub/sidscri-apps/KenpoFlashcardsProject-v2/app/src/main/java/com/example/kenpoflashcards/Store.kt:305:216 Type mismatch: inferred type is Nothing? but String was expected
w: file:///C:/Users/Sidscri/Documents/GitHub/sidscri-apps/KenpoFlashcardsProject-v2/app/src/main/java/com/example/kenpoflashcards/Store.kt:366:58 Type mismatch: inferred type is Nothing? but String was expected
w: file:///C:/Users/Sidscri/Documents/GitHub/sidscri-apps/KenpoFlashcardsProject-v2/app/src/main/java/com/example/kenpoflashcards/Store.kt:366:63 Unnecessary safe call on a non-null receiver of type String!
w: file:///C:/Users/Sidscri/Documents/GitHub/sidscri-apps/KenpoFlashcardsProject-v2/app/src/main/java/com/example/kenpoflashcards/Store.kt:367:130 Type mismatch: inferred type is Nothing? but String was expected
w: file:///C:/Users/Sidscri/Documents/GitHub/sidscri-apps/KenpoFlashcardsProject-v2/app/src/main/java/com/example/kenpoflashcards/Store.kt:367:135 Unnecessary safe call on a non-null receiver of type String!
w: file:///C:/Users/Sidscri/Documents/GitHub/sidscri-apps/KenpoFlashcardsProject-v2/app/src/main/java/com/example/kenpoflashcards/Store.kt:610:52 Type mismatch: inferred type is Nothing? but String was expected
w: file:///C:/Users/Sidscri/Documents/GitHub/sidscri-apps/KenpoFlashcardsProject-v2/app/src/main/java/com/example/kenpoflashcards/Store.kt:610:57 Unnecessary safe call on a non-null receiver of type String!
w: file:///C:/Users/Sidscri/Documents/GitHub/sidscri-apps/KenpoFlashcardsProject-v2/app/src/main/java/com/example/kenpoflashcards/Store.kt:614:48 Type mismatch: inferred type is Nothing? but String was expected
w: file:///C:/Users/Sidscri/Documents/GitHub/sidscri-apps/KenpoFlashcardsProject-v2/app/src/main/java/com/example/kenpoflashcards/Store.kt:614:53 Unnecessary safe call on a non-null receiver of type String!
w: file:///C:/Users/Sidscri/Documents/GitHub/sidscri-apps/KenpoFlashcardsProject-v2/app/src/main/java/com/example/kenpoflashcards/Store.kt:632:48 Type mismatch: inferred type is Nothing? but String was expected
w: file:///C:/Users/Sidscri/Documents/GitHub/sidscri-apps/KenpoFlashcardsProject-v2/app/src/main/java/com/example/kenpoflashcards/Store.kt:632:53 Unnecessary safe call on a non-null receiver of type String!
w: file:///C:/Users/Sidscri/Documents/GitHub/sidscri-apps/KenpoFlashcardsProject-v2/app/src/main/java/com/example/kenpoflashcards/Store.kt:634:40 Type mismatch: inferred type is Nothing? but String was expected
w: file:///C:/Users/Sidscri/Documents/GitHub/sidscri-apps/KenpoFlashcardsProject-v2/app/src/main/java/com/example/kenpoflashcards/Store.kt:634:45 Unnecessary safe call on a non-null receiver of type String!
w: file:///C:/Users/Sidscri/Documents/GitHub/sidscri-apps/KenpoFlashcardsProject-v2/app/src/main/java/com/example/kenpoflashcards/WebAppSync.kt:242:67 Type mismatch: inferred type is Nothing? but String was expected
w: file:///C:/Users/Sidscri/Documents/GitHub/sidscri-apps/KenpoFlashcardsProject-v2/app/src/main/java/com/example/kenpoflashcards/WebAppSync.kt:566:67 Type mismatch: inferred type is Nothing? but String was expected
w: file:///C:/Users/Sidscri/Documents/GitHub/sidscri-apps/KenpoFlashcardsProject-v2/app/src/main/java/com/example/kenpoflashcards/WebAppSync.kt:570:63 Type mismatch: inferred type is Nothing? but String was expected
w: file:///C:/Users/Sidscri/Documents/GitHub/sidscri-apps/KenpoFlashcardsProject-v2/app/src/main/java/com/example/kenpoflashcards/WebAppSync.kt:663:63 Type mismatch: inferred type is Nothing? but String was expected
w: file:///C:/Users/Sidscri/Documents/GitHub/sidscri-apps/KenpoFlashcardsProject-v2/app/src/main/java/com/example/kenpoflashcards/WebAppSync.kt:665:55 Type mismatch: inferred type is Nothing? but String was expected
w: file:///C:/Users/Sidscri/Documents/GitHub/sidscri-apps/KenpoFlashcardsProject-v2/app/src/main/java/com/example/kenpoflashcards/WebAppSync.kt:764:63 Type mismatch: inferred type is Nothing? but String was expected
w: file:///C:/Users/Sidscri/Documents/GitHub/sidscri-apps/KenpoFlashcardsProject-v2/app/src/main/java/com/example/kenpoflashcards/WebAppSync.kt:766:55 Type mismatch: inferred type is Nothing? but String was expected

BUILD SUCCESSFUL in 29s
15 actionable tasks: 15 executed
[ExitCode=0]
[PROGRESS] 100% - DONE
