========================================================================
WebServerToAndroid Sync Log  (tool v1.0.0)
Timestamp: 20260206_161826
Tools Dir: C:\Users\Sidscri\Documents\GitHub\sidscri-apps\tools\SyncTool-WebServerToAndroid
WebServer : C:\Users\Sidscri\Documents\GitHub\sidscri-apps\KenpoFlashcardsWebServer
AndroidSrc: C:\Users\Sidscri\Documents\GitHub\sidscri-apps\kenpoflashcardsproject-v2
OutputMode: synced
========================================================================

[16:18:26] ℹ️ Preparing synced output: C:\Users\Sidscri\Documents\GitHub\sidscri-apps\kenpoflashcardsproject-v2_synced
[16:18:27] ✅ Android output folder: C:\Users\Sidscri\Documents\GitHub\sidscri-apps\kenpoflashcardsproject-v2_synced
[16:18:27] ℹ️ WebServer: v8.7.0 (build 60)
[16:18:27] ℹ️ Android:   v7.0.1 (build 42)
[16:18:27] ℹ️ Last WS parity: v8.7.0
[16:18:27] ℹ️ Found 0 WebServer version(s) since v8.7.0
[16:18:43] ℹ️ Upgrade: Patch
[16:18:43] ℹ️ New version: v7.0.2 (build 43)
[16:18:43] ℹ️ Creating backup...
[16:18:43] ✅ Backup at: C:\Users\Sidscri\Documents\GitHub\sidscri-apps\tools\SyncTool-WebServerToAndroid\sync_backups\android_v7.0.2_b43_20260206_161843
[16:18:43] ℹ️ Bumping build.gradle...
[16:18:43] ✅ build.gradle → versionCode=43, versionName="7.0.2"
[16:18:43] ℹ️ Updating version.json...
[16:18:43] ✅ version.json updated
[16:18:43] ℹ️ Updating CHANGELOG.md...
[16:18:43] ✅ CHANGELOG.md updated
[16:18:43] ℹ️ Updating README.md...
[16:18:43] ✅ README.md updated
[16:18:43] ℹ️ Creating Version-AndroidApp-*.txt...
[16:18:43] ✅ Created Version-AndroidApp-v7.0.2 v43.txt
[16:18:43] ℹ️ Creating Fixes *.txt...
[16:18:43] ✅ Created Fixes v7.0.2 v43.txt
[16:18:43] ℹ️ Generating feature parity report...
[16:18:43] ✅ Parity report: C:\Users\Sidscri\Documents\GitHub\sidscri-apps\tools\SyncTool-WebServerToAndroid\parity_report_2026-02-06.md
