========================================================================
WebServerToAndroid Sync Log  (tool v1.1.0)
Timestamp: 20260315_204604
Tools Dir: C:\Users\Sidscri\Documents\GitHub\sidscri-apps\tools\SyncTool-WebServerToAndroid
WebServer : C:\Users\Sidscri\Documents\GitHub\sidscri-apps\KenpoFlashcardsWebServer
AndroidSrc: C:\Users\Sidscri\Documents\GitHub\sidscri-apps\KenpoFlashcardsProject-v2
OutputMode: synced
========================================================================

[20:46:04] ℹ️ Preparing synced output: C:\Users\Sidscri\Documents\GitHub\sidscri-apps\KenpoFlashcardsProject-v2_synced
[20:46:04] ✅ Android output folder: C:\Users\Sidscri\Documents\GitHub\sidscri-apps\KenpoFlashcardsProject-v2_synced
[20:46:04] ℹ️ WebServer: v8.10.0 (build 65)
[20:46:04] ℹ️ Android:   v7.2.0 (build 44)
[20:46:04] ℹ️ Last WS parity: v8.10.0 (build 65)
[20:46:04] ℹ️ Found 0 WebServer version(s) since v8.10.0
[20:46:08] ℹ️ Upgrade: Minor
[20:46:08] ℹ️ New version: v7.3.0 (build 45)
[20:46:08] ℹ️ Creating backup...
[20:46:08] ✅ Backup at: C:\Users\Sidscri\Documents\GitHub\sidscri-apps\tools\SyncTool-WebServerToAndroid\sync_backups\android_v7.3.0_b45_20260315_204608
[20:46:08] ℹ️ Bumping build.gradle...
[20:46:08] ✅ build.gradle → versionCode=45, versionName="7.3.0"
[20:46:08] ℹ️ Updating version.json...
[20:46:08] ✅ version.json updated
[20:46:08] ℹ️ Updating CHANGELOG.md...
[20:46:08] ✅ CHANGELOG.md updated
[20:46:08] ℹ️ Updating README.md...
[20:46:08] ✅ README.md updated
[20:46:08] ℹ️ Creating Version-AndroidApp-*.txt...
[20:46:08] ✅ Created Version-AndroidApp-v7.3.0 v45.txt
[20:46:08] ℹ️ Creating Fixes *.txt...
[20:46:08] ✅ Created Fixes v7.3.0 v45.txt
[20:46:08] ℹ️ Generating feature parity report...
[20:46:08] ✅ Parity report: C:\Users\Sidscri\Documents\GitHub\sidscri-apps\tools\SyncTool-WebServerToAndroid\parity_report_2026-03-15.md
