============================================================
Build EXE started: Fri 02/06/2026 16:22:06.41
Project root : C:\Users\Sidscri\Documents\GitHub\sidscri-apps\KenpoFlashcardsWebServer_Packaged
Packaging    : C:\Users\Sidscri\Documents\GitHub\sidscri-apps\KenpoFlashcardsWebServer_Packaged\packaging
Mode         : update
Data dir     : C:\Users\Sidscri\Documents\GitHub\sidscri-apps\KenpoFlashcardsWebServer_Packaged\packaging\build_data
============================================================
[1/5] Creating venv
[2/5] Installing packaging requirements
Collecting pip==24.0
  Using cached https://files.pythonhosted.org/packages/8a/6a/19e9fe04fca059ccf770861c7d5721ab4c2aebc539889e97c7977528a53b/pip-24.0-py3-none-any.whl
Collecting setuptools==70.3.0
  Using cached https://files.pythonhosted.org/packages/ef/15/88e46eb9387e905704b69849618e699dc2f54407d8953cc4ec4b8b46528d/setuptools-70.3.0-py3-none-any.whl
Collecting wheel==0.44.0
  Using cached https://files.pythonhosted.org/packages/1b/d1/9babe2ccaecff775992753d8686970b1e2755d21c8a63be73aba7a4e7d77/wheel-0.44.0-py3-none-any.whl
Installing collected packages: pip, setuptools, wheel
  Found existing installation: pip 19.2.3
    Uninstalling pip-19.2.3:
      Successfully uninstalled pip-19.2.3
  Found existing installation: setuptools 41.2.0
    Uninstalling setuptools-41.2.0:
      Successfully uninstalled setuptools-41.2.0
Successfully installed pip-24.0 setuptools-70.3.0 wheel-0.44.0
Collecting pyinstaller==6.6.0 (from -r C:\Users\Sidscri\Documents\GitHub\sidscri-apps\KenpoFlashcardsWebServer_Packaged\packaging\requirements_packaging.txt (line 1))
  Using cached pyinstaller-6.6.0-py3-none-win_amd64.whl.metadata (8.3 kB)
Collecting pystray==0.19.5 (from -r C:\Users\Sidscri\Documents\GitHub\sidscri-apps\KenpoFlashcardsWebServer_Packaged\packaging\requirements_packaging.txt (line 2))
  Using cached pystray-0.19.5-py2.py3-none-any.whl.metadata (9.4 kB)
Collecting pillow==10.4.0 (from -r C:\Users\Sidscri\Documents\GitHub\sidscri-apps\KenpoFlashcardsWebServer_Packaged\packaging\requirements_packaging.txt (line 3))
  Using cached pillow-10.4.0-cp38-cp38-win_amd64.whl.metadata (9.3 kB)
Collecting requests>=2.31.0 (from -r C:\Users\Sidscri\Documents\GitHub\sidscri-apps\KenpoFlashcardsWebServer_Packaged\packaging\requirements_packaging.txt (line 6))
  Using cached requests-2.32.4-py3-none-any.whl.metadata (4.9 kB)
Collecting flask<3.0,>=2.2.2 (from -r C:\Users\Sidscri\Documents\GitHub\sidscri-apps\KenpoFlashcardsWebServer_Packaged\packaging\requirements_packaging.txt (line 7))
  Using cached flask-2.3.3-py3-none-any.whl.metadata (3.6 kB)
Collecting Werkzeug<3.0,>=2.2.2 (from -r C:\Users\Sidscri\Documents\GitHub\sidscri-apps\KenpoFlashcardsWebServer_Packaged\packaging\requirements_packaging.txt (line 8))
  Using cached werkzeug-2.3.8-py3-none-any.whl.metadata (4.1 kB)
Collecting reportlab>=4.0.0 (from -r C:\Users\Sidscri\Documents\GitHub\sidscri-apps\KenpoFlashcardsWebServer_Packaged\packaging\requirements_packaging.txt (line 9))
  Using cached reportlab-4.4.3-py3-none-any.whl.metadata (1.7 kB)
Collecting platformdirs>=4.0.0 (from -r C:\Users\Sidscri\Documents\GitHub\sidscri-apps\KenpoFlashcardsWebServer_Packaged\packaging\requirements_packaging.txt (line 10))
  Using cached platformdirs-4.3.6-py3-none-any.whl.metadata (11 kB)
Collecting jaraco.functools>=4.0.0 (from -r C:\Users\Sidscri\Documents\GitHub\sidscri-apps\KenpoFlashcardsWebServer_Packaged\packaging\requirements_packaging.txt (line 13))
  Using cached jaraco.functools-4.1.0-py3-none-any.whl.metadata (2.9 kB)
Collecting jaraco.context>=5.0.0 (from -r C:\Users\Sidscri\Documents\GitHub\sidscri-apps\KenpoFlashcardsWebServer_Packaged\packaging\requirements_packaging.txt (line 14))
  Using cached jaraco.context-6.0.1-py3-none-any.whl.metadata (4.1 kB)
Collecting jaraco.classes>=3.0.0 (from -r C:\Users\Sidscri\Documents\GitHub\sidscri-apps\KenpoFlashcardsWebServer_Packaged\packaging\requirements_packaging.txt (line 15))
  Using cached jaraco.classes-3.4.0-py3-none-any.whl.metadata (2.6 kB)
Collecting jaraco.text>=3.0.0 (from -r C:\Users\Sidscri\Documents\GitHub\sidscri-apps\KenpoFlashcardsWebServer_Packaged\packaging\requirements_packaging.txt (line 16))
  Using cached jaraco.text-4.0.0-py3-none-any.whl.metadata (3.7 kB)
Requirement already satisfied: pip==24.0 in c:\users\sidscri\documents\github\sidscri-apps\kenpoflashcardswebserver_packaged\.venv\lib\site-packages (from -r C:\Users\Sidscri\Documents\GitHub\sidscri-apps\KenpoFlashcardsWebServer_Packaged\packaging\requirements_packaging.txt (line 19)) (24.0)
Requirement already satisfied: setuptools==70.3.0 in c:\users\sidscri\documents\github\sidscri-apps\kenpoflashcardswebserver_packaged\.venv\lib\site-packages (from -r C:\Users\Sidscri\Documents\GitHub\sidscri-apps\KenpoFlashcardsWebServer_Packaged\packaging\requirements_packaging.txt (line 20)) (70.3.0)
Requirement already satisfied: wheel==0.44.0 in c:\users\sidscri\documents\github\sidscri-apps\kenpoflashcardswebserver_packaged\.venv\lib\site-packages (from -r C:\Users\Sidscri\Documents\GitHub\sidscri-apps\KenpoFlashcardsWebServer_Packaged\packaging\requirements_packaging.txt (line 21)) (0.44.0)
Collecting altgraph (from pyinstaller==6.6.0->-r C:\Users\Sidscri\Documents\GitHub\sidscri-apps\KenpoFlashcardsWebServer_Packaged\packaging\requirements_packaging.txt (line 1))
  Using cached altgraph-0.17.5-py2.py3-none-any.whl.metadata (7.5 kB)
Collecting pyinstaller-hooks-contrib>=2024.3 (from pyinstaller==6.6.0->-r C:\Users\Sidscri\Documents\GitHub\sidscri-apps\KenpoFlashcardsWebServer_Packaged\packaging\requirements_packaging.txt (line 1))
  Using cached pyinstaller_hooks_contrib-2026.0-py3-none-any.whl.metadata (16 kB)
Collecting packaging>=22.0 (from pyinstaller==6.6.0->-r C:\Users\Sidscri\Documents\GitHub\sidscri-apps\KenpoFlashcardsWebServer_Packaged\packaging\requirements_packaging.txt (line 1))
  Using cached packaging-26.0-py3-none-any.whl.metadata (3.3 kB)
Collecting importlib-metadata>=4.6 (from pyinstaller==6.6.0->-r C:\Users\Sidscri\Documents\GitHub\sidscri-apps\KenpoFlashcardsWebServer_Packaged\packaging\requirements_packaging.txt (line 1))
  Using cached importlib_metadata-8.5.0-py3-none-any.whl.metadata (4.8 kB)
Collecting pefile>=2022.5.30 (from pyinstaller==6.6.0->-r C:\Users\Sidscri\Documents\GitHub\sidscri-apps\KenpoFlashcardsWebServer_Packaged\packaging\requirements_packaging.txt (line 1))
  Using cached pefile-2024.8.26-py3-none-any.whl.metadata (1.4 kB)
Collecting pywin32-ctypes>=0.2.1 (from pyinstaller==6.6.0->-r C:\Users\Sidscri\Documents\GitHub\sidscri-apps\KenpoFlashcardsWebServer_Packaged\packaging\requirements_packaging.txt (line 1))
  Using cached pywin32_ctypes-0.2.3-py3-none-any.whl.metadata (3.9 kB)
Collecting six (from pystray==0.19.5->-r C:\Users\Sidscri\Documents\GitHub\sidscri-apps\KenpoFlashcardsWebServer_Packaged\packaging\requirements_packaging.txt (line 2))
  Using cached six-1.17.0-py2.py3-none-any.whl.metadata (1.7 kB)
Collecting charset_normalizer<4,>=2 (from requests>=2.31.0->-r C:\Users\Sidscri\Documents\GitHub\sidscri-apps\KenpoFlashcardsWebServer_Packaged\packaging\requirements_packaging.txt (line 6))
  Using cached charset_normalizer-3.4.4-cp38-cp38-win_amd64.whl.metadata (38 kB)
Collecting idna<4,>=2.5 (from requests>=2.31.0->-r C:\Users\Sidscri\Documents\GitHub\sidscri-apps\KenpoFlashcardsWebServer_Packaged\packaging\requirements_packaging.txt (line 6))
  Using cached idna-3.11-py3-none-any.whl.metadata (8.4 kB)
Collecting urllib3<3,>=1.21.1 (from requests>=2.31.0->-r C:\Users\Sidscri\Documents\GitHub\sidscri-apps\KenpoFlashcardsWebServer_Packaged\packaging\requirements_packaging.txt (line 6))
  Using cached urllib3-2.2.3-py3-none-any.whl.metadata (6.5 kB)
Collecting certifi>=2017.4.17 (from requests>=2.31.0->-r C:\Users\Sidscri\Documents\GitHub\sidscri-apps\KenpoFlashcardsWebServer_Packaged\packaging\requirements_packaging.txt (line 6))
  Using cached certifi-2026.1.4-py3-none-any.whl.metadata (2.5 kB)
Collecting Jinja2>=3.1.2 (from flask<3.0,>=2.2.2->-r C:\Users\Sidscri\Documents\GitHub\sidscri-apps\KenpoFlashcardsWebServer_Packaged\packaging\requirements_packaging.txt (line 7))
  Using cached jinja2-3.1.6-py3-none-any.whl.metadata (2.9 kB)
Collecting itsdangerous>=2.1.2 (from flask<3.0,>=2.2.2->-r C:\Users\Sidscri\Documents\GitHub\sidscri-apps\KenpoFlashcardsWebServer_Packaged\packaging\requirements_packaging.txt (line 7))
  Using cached itsdangerous-2.2.0-py3-none-any.whl.metadata (1.9 kB)
Collecting click>=8.1.3 (from flask<3.0,>=2.2.2->-r C:\Users\Sidscri\Documents\GitHub\sidscri-apps\KenpoFlashcardsWebServer_Packaged\packaging\requirements_packaging.txt (line 7))
  Using cached click-8.1.8-py3-none-any.whl.metadata (2.3 kB)
Collecting blinker>=1.6.2 (from flask<3.0,>=2.2.2->-r C:\Users\Sidscri\Documents\GitHub\sidscri-apps\KenpoFlashcardsWebServer_Packaged\packaging\requirements_packaging.txt (line 7))
  Using cached blinker-1.8.2-py3-none-any.whl.metadata (1.6 kB)
Collecting MarkupSafe>=2.1.1 (from Werkzeug<3.0,>=2.2.2->-r C:\Users\Sidscri\Documents\GitHub\sidscri-apps\KenpoFlashcardsWebServer_Packaged\packaging\requirements_packaging.txt (line 8))
  Using cached MarkupSafe-2.1.5-cp38-cp38-win_amd64.whl.metadata (3.1 kB)
Collecting more-itertools (from jaraco.functools>=4.0.0->-r C:\Users\Sidscri\Documents\GitHub\sidscri-apps\KenpoFlashcardsWebServer_Packaged\packaging\requirements_packaging.txt (line 13))
  Using cached more_itertools-10.5.0-py3-none-any.whl.metadata (36 kB)
Collecting backports.tarfile (from jaraco.context>=5.0.0->-r C:\Users\Sidscri\Documents\GitHub\sidscri-apps\KenpoFlashcardsWebServer_Packaged\packaging\requirements_packaging.txt (line 14))
  Using cached backports.tarfile-1.2.0-py3-none-any.whl.metadata (2.0 kB)
Collecting autocommand (from jaraco.text>=3.0.0->-r C:\Users\Sidscri\Documents\GitHub\sidscri-apps\KenpoFlashcardsWebServer_Packaged\packaging\requirements_packaging.txt (line 16))
  Using cached autocommand-2.2.2-py3-none-any.whl.metadata (15 kB)
Collecting importlib-resources (from jaraco.text>=3.0.0->-r C:\Users\Sidscri\Documents\GitHub\sidscri-apps\KenpoFlashcardsWebServer_Packaged\packaging\requirements_packaging.txt (line 16))
  Using cached importlib_resources-6.4.5-py3-none-any.whl.metadata (4.0 kB)
Collecting colorama (from click>=8.1.3->flask<3.0,>=2.2.2->-r C:\Users\Sidscri\Documents\GitHub\sidscri-apps\KenpoFlashcardsWebServer_Packaged\packaging\requirements_packaging.txt (line 7))
  Using cached colorama-0.4.6-py2.py3-none-any.whl.metadata (17 kB)
Collecting zipp>=3.20 (from importlib-metadata>=4.6->pyinstaller==6.6.0->-r C:\Users\Sidscri\Documents\GitHub\sidscri-apps\KenpoFlashcardsWebServer_Packaged\packaging\requirements_packaging.txt (line 1))
  Using cached zipp-3.20.2-py3-none-any.whl.metadata (3.7 kB)
Using cached pyinstaller-6.6.0-py3-none-win_amd64.whl (1.3 MB)
Using cached pystray-0.19.5-py2.py3-none-any.whl (49 kB)
Using cached pillow-10.4.0-cp38-cp38-win_amd64.whl (2.6 MB)
Using cached requests-2.32.4-py3-none-any.whl (64 kB)
Using cached flask-2.3.3-py3-none-any.whl (96 kB)
Using cached werkzeug-2.3.8-py3-none-any.whl (242 kB)
Using cached reportlab-4.4.3-py3-none-any.whl (2.0 MB)
Using cached platformdirs-4.3.6-py3-none-any.whl (18 kB)
Using cached jaraco.functools-4.1.0-py3-none-any.whl (10 kB)
Using cached jaraco.context-6.0.1-py3-none-any.whl (6.8 kB)
Using cached jaraco.classes-3.4.0-py3-none-any.whl (6.8 kB)
Using cached jaraco.text-4.0.0-py3-none-any.whl (11 kB)
Using cached blinker-1.8.2-py3-none-any.whl (9.5 kB)
Using cached certifi-2026.1.4-py3-none-any.whl (152 kB)
Using cached charset_normalizer-3.4.4-cp38-cp38-win_amd64.whl (106 kB)
Using cached click-8.1.8-py3-none-any.whl (98 kB)
Using cached idna-3.11-py3-none-any.whl (71 kB)
Using cached importlib_metadata-8.5.0-py3-none-any.whl (26 kB)
Using cached itsdangerous-2.2.0-py3-none-any.whl (16 kB)
Using cached jinja2-3.1.6-py3-none-any.whl (134 kB)
Using cached MarkupSafe-2.1.5-cp38-cp38-win_amd64.whl (17 kB)
Using cached packaging-26.0-py3-none-any.whl (74 kB)
Using cached pefile-2024.8.26-py3-none-any.whl (74 kB)
Using cached pyinstaller_hooks_contrib-2026.0-py3-none-any.whl (452 kB)
Using cached pywin32_ctypes-0.2.3-py3-none-any.whl (30 kB)
Using cached urllib3-2.2.3-py3-none-any.whl (126 kB)
Using cached altgraph-0.17.5-py2.py3-none-any.whl (21 kB)
Using cached autocommand-2.2.2-py3-none-any.whl (19 kB)
Using cached backports.tarfile-1.2.0-py3-none-any.whl (30 kB)
Using cached importlib_resources-6.4.5-py3-none-any.whl (36 kB)
Using cached more_itertools-10.5.0-py3-none-any.whl (60 kB)
Using cached six-1.17.0-py2.py3-none-any.whl (11 kB)
Using cached zipp-3.20.2-py3-none-any.whl (9.2 kB)
Using cached colorama-0.4.6-py2.py3-none-any.whl (25 kB)
Installing collected packages: altgraph, zipp, urllib3, six, pywin32-ctypes, platformdirs, pillow, pefile, packaging, more-itertools, MarkupSafe, itsdangerous, idna, colorama, charset_normalizer, certifi, blinker, backports.tarfile, autocommand, Werkzeug, requests, reportlab, pystray, Jinja2, jaraco.functools, jaraco.context, jaraco.classes, importlib-resources, importlib-metadata, click, pyinstaller-hooks-contrib, jaraco.text, flask, pyinstaller
Successfully installed Jinja2-3.1.6 MarkupSafe-2.1.5 Werkzeug-2.3.8 altgraph-0.17.5 autocommand-2.2.2 backports.tarfile-1.2.0 blinker-1.8.2 certifi-2026.1.4 charset_normalizer-3.4.4 click-8.1.8 colorama-0.4.6 flask-2.3.3 idna-3.11 importlib-metadata-8.5.0 importlib-resources-6.4.5 itsdangerous-2.2.0 jaraco.classes-3.4.0 jaraco.context-6.0.1 jaraco.functools-4.1.0 jaraco.text-4.0.0 more-itertools-10.5.0 packaging-26.0 pefile-2024.8.26 pillow-10.4.0 platformdirs-4.3.6 pyinstaller-6.6.0 pyinstaller-hooks-contrib-2026.0 pystray-0.19.5 pywin32-ctypes-0.2.3 reportlab-4.4.3 requests-2.32.4 six-1.17.0 urllib3-2.2.3 zipp-3.20.2

[notice] A new release of pip is available: 24.0 -> 25.0.1
[notice] To update, run: C:\Users\Sidscri\Documents\GitHub\sidscri-apps\KenpoFlashcardsWebServer_Packaged\.venv\Scripts\python.exe -m pip install --upgrade pip
[3/5] Verifying data folder
[4/5] Running PyInstaller
361 INFO: PyInstaller: 6.6.0, contrib hooks: 2026.0
361 INFO: Python: 3.8.1
362 INFO: Platform: Windows-10-10.0.19041-SP0
5551 INFO: Extending PYTHONPATH with paths
['C:\\Users\\Sidscri\\Documents\\GitHub\\sidscri-apps\\KenpoFlashcardsWebServer_Packaged',
 'C:\\Users\\Sidscri\\Documents\\GitHub\\sidscri-apps\\KenpoFlashcardsWebServer_Packaged']
5824 INFO: Appending 'datas' from .spec
5846 INFO: checking Analysis
5847 INFO: Building Analysis because Analysis-00.toc is non existent
5847 INFO: Running Analysis Analysis-00.toc
5847 INFO: Target bytecode optimization level: 0
5847 INFO: Initializing module dependency graph...
5849 INFO: Caching module graph hooks...
5881 INFO: Analyzing base_library.zip ...
6851 INFO: Loading module hook 'hook-heapq.py' from 'C:\\Users\\Sidscri\\Documents\\GitHub\\sidscri-apps\\KenpoFlashcardsWebServer_Packaged\\.venv\\lib\\site-packages\\PyInstaller\\hooks'...
7059 INFO: Loading module hook 'hook-encodings.py' from 'C:\\Users\\Sidscri\\Documents\\GitHub\\sidscri-apps\\KenpoFlashcardsWebServer_Packaged\\.venv\\lib\\site-packages\\PyInstaller\\hooks'...
9571 INFO: Loading module hook 'hook-pickle.py' from 'C:\\Users\\Sidscri\\Documents\\GitHub\\sidscri-apps\\KenpoFlashcardsWebServer_Packaged\\.venv\\lib\\site-packages\\PyInstaller\\hooks'...
12779 INFO: Caching module dependency graph...
12969 INFO: Looking for Python shared library...
13053 INFO: Using Python shared library: C:\Users\Sidscri\AppData\Local\Programs\Python\Python38\python38.dll
13053 INFO: Analyzing C:\Users\Sidscri\Documents\GitHub\sidscri-apps\KenpoFlashcardsWebServer_Packaged\AdvancedFlashcardsWebAppServerLauncher.py
14235 INFO: Loading module hook 'hook-platform.py' from 'C:\\Users\\Sidscri\\Documents\\GitHub\\sidscri-apps\\KenpoFlashcardsWebServer_Packaged\\.venv\\lib\\site-packages\\PyInstaller\\hooks'...
14364 INFO: Loading module hook 'hook-urllib3.py' from 'C:\\Users\\Sidscri\\Documents\\GitHub\\sidscri-apps\\KenpoFlashcardsWebServer_Packaged\\.venv\\lib\\site-packages\\_pyinstaller_hooks_contrib\\stdhooks'...
15803 INFO: Loading module hook 'hook-charset_normalizer.py' from 'C:\\Users\\Sidscri\\Documents\\GitHub\\sidscri-apps\\KenpoFlashcardsWebServer_Packaged\\.venv\\lib\\site-packages\\_pyinstaller_hooks_contrib\\stdhooks'...
15980 INFO: Loading module hook 'hook-certifi.py' from 'C:\\Users\\Sidscri\\Documents\\GitHub\\sidscri-apps\\KenpoFlashcardsWebServer_Packaged\\.venv\\lib\\site-packages\\_pyinstaller_hooks_contrib\\stdhooks'...
17183 INFO: Loading module hook 'hook-sysconfig.py' from 'C:\\Users\\Sidscri\\Documents\\GitHub\\sidscri-apps\\KenpoFlashcardsWebServer_Packaged\\.venv\\lib\\site-packages\\PyInstaller\\hooks'...
17523 INFO: Loading module hook 'hook-difflib.py' from 'C:\\Users\\Sidscri\\Documents\\GitHub\\sidscri-apps\\KenpoFlashcardsWebServer_Packaged\\.venv\\lib\\site-packages\\PyInstaller\\hooks'...
17608 INFO: Loading module hook 'hook-importlib_metadata.py' from 'C:\\Users\\Sidscri\\Documents\\GitHub\\sidscri-apps\\KenpoFlashcardsWebServer_Packaged\\.venv\\lib\\site-packages\\PyInstaller\\hooks'...
17864 INFO: Loading module hook 'hook-jinja2.py' from 'C:\\Users\\Sidscri\\Documents\\GitHub\\sidscri-apps\\KenpoFlashcardsWebServer_Packaged\\.venv\\lib\\site-packages\\_pyinstaller_hooks_contrib\\stdhooks'...
18586 INFO: Loading module hook 'hook-multiprocessing.util.py' from 'C:\\Users\\Sidscri\\Documents\\GitHub\\sidscri-apps\\KenpoFlashcardsWebServer_Packaged\\.venv\\lib\\site-packages\\PyInstaller\\hooks'...
18965 INFO: Loading module hook 'hook-xml.py' from 'C:\\Users\\Sidscri\\Documents\\GitHub\\sidscri-apps\\KenpoFlashcardsWebServer_Packaged\\.venv\\lib\\site-packages\\PyInstaller\\hooks'...
20349 INFO: Loading module hook 'hook-reportlab.lib.utils.py' from 'C:\\Users\\Sidscri\\Documents\\GitHub\\sidscri-apps\\KenpoFlashcardsWebServer_Packaged\\.venv\\lib\\site-packages\\_pyinstaller_hooks_contrib\\stdhooks'...
20442 INFO: Loading module hook 'hook-PIL.py' from 'C:\\Users\\Sidscri\\Documents\\GitHub\\sidscri-apps\\KenpoFlashcardsWebServer_Packaged\\.venv\\lib\\site-packages\\PyInstaller\\hooks'...
20528 INFO: Loading module hook 'hook-PIL.Image.py' from 'C:\\Users\\Sidscri\\Documents\\GitHub\\sidscri-apps\\KenpoFlashcardsWebServer_Packaged\\.venv\\lib\\site-packages\\PyInstaller\\hooks'...
21370 INFO: Loading module hook 'hook-packaging.py' from 'C:\\Users\\Sidscri\\Documents\\GitHub\\sidscri-apps\\KenpoFlashcardsWebServer_Packaged\\.venv\\lib\\site-packages\\PyInstaller\\hooks'...
21407 INFO: Loading module hook 'hook-PIL.ImageFilter.py' from 'C:\\Users\\Sidscri\\Documents\\GitHub\\sidscri-apps\\KenpoFlashcardsWebServer_Packaged\\.venv\\lib\\site-packages\\PyInstaller\\hooks'...
21462 INFO: Loading module hook 'hook-reportlab.pdfbase._fontdata.py' from 'C:\\Users\\Sidscri\\Documents\\GitHub\\sidscri-apps\\KenpoFlashcardsWebServer_Packaged\\.venv\\lib\\site-packages\\_pyinstaller_hooks_contrib\\stdhooks'...
24296 INFO: Loading module hook 'hook-xml.dom.domreg.py' from 'C:\\Users\\Sidscri\\Documents\\GitHub\\sidscri-apps\\KenpoFlashcardsWebServer_Packaged\\.venv\\lib\\site-packages\\PyInstaller\\hooks'...
24499 INFO: Loading module hook 'hook-pystray.py' from 'C:\\Users\\Sidscri\\Documents\\GitHub\\sidscri-apps\\KenpoFlashcardsWebServer_Packaged\\.venv\\lib\\site-packages\\_pyinstaller_hooks_contrib\\stdhooks'...
24869 INFO: Processing pre-safe import module hook six.moves from 'C:\\Users\\Sidscri\\Documents\\GitHub\\sidscri-apps\\KenpoFlashcardsWebServer_Packaged\\.venv\\lib\\site-packages\\PyInstaller\\hooks\\pre_safe_import_module\\hook-six.moves.py'.
24981 INFO: Processing pre-safe import module hook gi from 'C:\\Users\\Sidscri\\Documents\\GitHub\\sidscri-apps\\KenpoFlashcardsWebServer_Packaged\\.venv\\lib\\site-packages\\PyInstaller\\hooks\\pre_safe_import_module\\hook-gi.py'.
25054 INFO: Analyzing hidden import 'pystray._info'
25055 INFO: Analyzing hidden import 'jaraco'
25057 INFO: Analyzing hidden import 'jaraco.classes'
25059 INFO: Analyzing hidden import 'jaraco.classes.ancestry'
25173 INFO: Analyzing hidden import 'jaraco.classes.meta'
25175 INFO: Analyzing hidden import 'jaraco.classes.properties'
25181 INFO: Analyzing hidden import 'jaraco.context'
25290 INFO: Loading module hook 'hook-backports.py' from 'C:\\Users\\Sidscri\\Documents\\GitHub\\sidscri-apps\\KenpoFlashcardsWebServer_Packaged\\.venv\\lib\\site-packages\\_pyinstaller_hooks_contrib\\stdhooks'...
25296 INFO: Analyzing hidden import 'jaraco.functools'
25306 INFO: Analyzing hidden import 'jaraco.text'
25321 INFO: Loading module hook 'hook-jaraco.text.py' from 'C:\\Users\\Sidscri\\Documents\\GitHub\\sidscri-apps\\KenpoFlashcardsWebServer_Packaged\\.venv\\lib\\site-packages\\_pyinstaller_hooks_contrib\\stdhooks'...
25583 INFO: Loading module hook 'hook-importlib_resources.py' from 'C:\\Users\\Sidscri\\Documents\\GitHub\\sidscri-apps\\KenpoFlashcardsWebServer_Packaged\\.venv\\lib\\site-packages\\PyInstaller\\hooks'...
25642 INFO: Analyzing hidden import 'jaraco.text.layouts'
25644 INFO: Analyzing hidden import 'jaraco.text.show-newlines'
25665 INFO: Analyzing hidden import 'jaraco.text.strip-prefix'
25666 INFO: Analyzing hidden import 'jaraco.text.to-dvorak'
25667 INFO: Analyzing hidden import 'jaraco.text.to-qwerty'
25668 INFO: Analyzing hidden import 'pkg_resources'
25808 INFO: Loading module hook 'hook-pkg_resources.py' from 'C:\\Users\\Sidscri\\Documents\\GitHub\\sidscri-apps\\KenpoFlashcardsWebServer_Packaged\\.venv\\lib\\site-packages\\PyInstaller\\hooks'...
27369 INFO: Analyzing hidden import 'pkg_resources._vendor'
27370 INFO: Analyzing hidden import 'pkg_resources._vendor.backports'
27372 INFO: Analyzing hidden import 'pkg_resources._vendor.backports.tarfile'
27486 INFO: Analyzing hidden import 'pkg_resources._vendor.importlib_resources'
27528 INFO: Analyzing hidden import 'pkg_resources._vendor.importlib_resources.simple'
27532 INFO: Analyzing hidden import 'pkg_resources._vendor.jaraco'
27533 INFO: Analyzing hidden import 'pkg_resources._vendor.jaraco.context'
27541 INFO: Analyzing hidden import 'pkg_resources._vendor.jaraco.functools'
27555 INFO: Analyzing hidden import 'pkg_resources._vendor.jaraco.text'
27586 INFO: Analyzing hidden import 'pkg_resources._vendor.more_itertools'
27679 INFO: Analyzing hidden import 'pkg_resources._vendor.packaging'
27681 INFO: Analyzing hidden import 'pkg_resources._vendor.packaging._elffile'
27685 INFO: Analyzing hidden import 'pkg_resources._vendor.packaging._manylinux'
27695 INFO: Analyzing hidden import 'pkg_resources._vendor.packaging._musllinux'
27698 INFO: Analyzing hidden import 'pkg_resources._vendor.packaging._parser'
27772 INFO: Analyzing hidden import 'pkg_resources._vendor.packaging.markers'
27781 INFO: Analyzing hidden import 'pkg_resources._vendor.packaging.metadata'
27820 INFO: Analyzing hidden import 'pkg_resources._vendor.platformdirs'
27857 INFO: Analyzing hidden import 'pkg_resources._vendor.platformdirs.__main__'
27872 INFO: Loading module hook 'hook-platformdirs.py' from 'C:\\Users\\Sidscri\\Documents\\GitHub\\sidscri-apps\\KenpoFlashcardsWebServer_Packaged\\.venv\\lib\\site-packages\\_pyinstaller_hooks_contrib\\stdhooks'...
27927 INFO: Analyzing hidden import 'importlib_resources.simple'
27933 INFO: Analyzing hidden import 'importlib_resources.tests'
27935 INFO: Analyzing hidden import 'importlib_resources.tests._path'
27939 INFO: Analyzing hidden import 'importlib_resources.tests.compat'
27940 INFO: Analyzing hidden import 'importlib_resources.tests.compat.py312'
27942 INFO: Analyzing hidden import 'importlib_resources.tests.test_compatibilty_files'
27960 INFO: Analyzing hidden import 'importlib_resources.tests.test_contents'
27963 INFO: Analyzing hidden import 'importlib_resources.tests.test_custom'
27967 INFO: Analyzing hidden import 'importlib_resources.tests.test_files'
27977 INFO: Analyzing hidden import 'importlib_resources.tests.test_functional'
27988 INFO: Analyzing hidden import 'importlib_resources.tests.test_open'
27994 INFO: Analyzing hidden import 'importlib_resources.tests.test_path'
27997 INFO: Analyzing hidden import 'importlib_resources.tests.test_read'
28002 INFO: Analyzing hidden import 'importlib_resources.tests.test_reader'
28011 INFO: Analyzing hidden import 'importlib_resources.tests.test_resource'
28021 INFO: Analyzing hidden import 'setuptools'
28030 INFO: Loading module hook 'hook-setuptools.py' from 'C:\\Users\\Sidscri\\Documents\\GitHub\\sidscri-apps\\KenpoFlashcardsWebServer_Packaged\\.venv\\lib\\site-packages\\PyInstaller\\hooks'...
29957 INFO: Processing pre-safe import module hook distutils from 'C:\\Users\\Sidscri\\Documents\\GitHub\\sidscri-apps\\KenpoFlashcardsWebServer_Packaged\\.venv\\lib\\site-packages\\PyInstaller\\hooks\\pre_safe_import_module\\hook-distutils.py'.
29957 INFO: Processing pre-find module path hook distutils from 'C:\\Users\\Sidscri\\Documents\\GitHub\\sidscri-apps\\KenpoFlashcardsWebServer_Packaged\\.venv\\lib\\site-packages\\PyInstaller\\hooks\\pre_find_module_path\\hook-distutils.py'.
30528 INFO: Loading module hook 'hook-distutils.py' from 'C:\\Users\\Sidscri\\Documents\\GitHub\\sidscri-apps\\KenpoFlashcardsWebServer_Packaged\\.venv\\lib\\site-packages\\PyInstaller\\hooks'...
30677 INFO: Loading module hook 'hook-distutils.util.py' from 'C:\\Users\\Sidscri\\Documents\\GitHub\\sidscri-apps\\KenpoFlashcardsWebServer_Packaged\\.venv\\lib\\site-packages\\PyInstaller\\hooks'...
31141 INFO: Loading module hook 'hook-setuptools.msvc.py' from 'C:\\Users\\Sidscri\\Documents\\GitHub\\sidscri-apps\\KenpoFlashcardsWebServer_Packaged\\.venv\\lib\\site-packages\\PyInstaller\\hooks'...
32092 INFO: Processing module hooks...
32108 WARNING: Hidden import "importlib_resources.trees" not found!
32420 INFO: Loading module hook 'hook-PIL.SpiderImagePlugin.py' from 'C:\\Users\\Sidscri\\Documents\\GitHub\\sidscri-apps\\KenpoFlashcardsWebServer_Packaged\\.venv\\lib\\site-packages\\PyInstaller\\hooks'...
33601 INFO: Loading module hook 'hook-setuptools._distutils.command.check.py' from 'C:\\Users\\Sidscri\\Documents\\GitHub\\sidscri-apps\\KenpoFlashcardsWebServer_Packaged\\.venv\\lib\\site-packages\\PyInstaller\\hooks'...
34092 INFO: Performing binary vs. data reclassification (97 entries)
36453 INFO: Looking for ctypes DLLs
36505 INFO: Analyzing run-time hooks ...
36513 INFO: Including run-time hook 'C:\\Users\\Sidscri\\Documents\\GitHub\\sidscri-apps\\KenpoFlashcardsWebServer_Packaged\\.venv\\lib\\site-packages\\PyInstaller\\hooks\\rthooks\\pyi_rth_setuptools.py'
36515 INFO: Including run-time hook 'C:\\Users\\Sidscri\\Documents\\GitHub\\sidscri-apps\\KenpoFlashcardsWebServer_Packaged\\.venv\\lib\\site-packages\\PyInstaller\\hooks\\rthooks\\pyi_rth_pkgutil.py'
36518 INFO: Processing pre-find module path hook _pyi_rth_utils from 'C:\\Users\\Sidscri\\Documents\\GitHub\\sidscri-apps\\KenpoFlashcardsWebServer_Packaged\\.venv\\lib\\site-packages\\PyInstaller\\hooks\\pre_find_module_path\\hook-_pyi_rth_utils.py'.
36520 INFO: Loading module hook 'hook-_pyi_rth_utils.py' from 'C:\\Users\\Sidscri\\Documents\\GitHub\\sidscri-apps\\KenpoFlashcardsWebServer_Packaged\\.venv\\lib\\site-packages\\PyInstaller\\hooks'...
36521 INFO: Including run-time hook 'C:\\Users\\Sidscri\\Documents\\GitHub\\sidscri-apps\\KenpoFlashcardsWebServer_Packaged\\.venv\\lib\\site-packages\\PyInstaller\\hooks\\rthooks\\pyi_rth_inspect.py'
36523 INFO: Including run-time hook 'C:\\Users\\Sidscri\\Documents\\GitHub\\sidscri-apps\\KenpoFlashcardsWebServer_Packaged\\.venv\\lib\\site-packages\\PyInstaller\\hooks\\rthooks\\pyi_rth_multiprocessing.py'
36528 INFO: Including run-time hook 'C:\\Users\\Sidscri\\Documents\\GitHub\\sidscri-apps\\KenpoFlashcardsWebServer_Packaged\\.venv\\lib\\site-packages\\PyInstaller\\hooks\\rthooks\\pyi_rth_pkgres.py'
36564 INFO: Looking for dynamic libraries
38109 INFO: Extra DLL search directories (AddDllDirectory): []
38109 INFO: Extra DLL search directories (PATH): []
47629 INFO: Warnings written to C:\Users\Sidscri\Documents\GitHub\sidscri-apps\KenpoFlashcardsWebServer_Packaged\build\kenpo_tray\warn-kenpo_tray.txt
47895 INFO: Graph cross-reference written to C:\Users\Sidscri\Documents\GitHub\sidscri-apps\KenpoFlashcardsWebServer_Packaged\build\kenpo_tray\xref-kenpo_tray.html
47978 INFO: checking PYZ
47978 INFO: Building PYZ because PYZ-00.toc is non existent
47978 INFO: Building PYZ (ZlibArchive) C:\Users\Sidscri\Documents\GitHub\sidscri-apps\KenpoFlashcardsWebServer_Packaged\build\kenpo_tray\PYZ-00.pyz
49823 INFO: Building PYZ (ZlibArchive) C:\Users\Sidscri\Documents\GitHub\sidscri-apps\KenpoFlashcardsWebServer_Packaged\build\kenpo_tray\PYZ-00.pyz completed successfully.
50086 INFO: checking PKG
50086 INFO: Building PKG because PKG-00.toc is non existent
50086 INFO: Building PKG (CArchive) AdvancedFlashcardsWebAppServer.pkg
50109 INFO: Building PKG (CArchive) AdvancedFlashcardsWebAppServer.pkg completed successfully.
50111 INFO: Bootloader C:\Users\Sidscri\Documents\GitHub\sidscri-apps\KenpoFlashcardsWebServer_Packaged\.venv\lib\site-packages\PyInstaller\bootloader\Windows-64bit-intel\runw.exe
50111 INFO: checking EXE
50111 INFO: Building EXE because EXE-00.toc is non existent
50111 INFO: Building EXE from EXE-00.toc
50111 INFO: Copying bootloader EXE to C:\Users\Sidscri\Documents\GitHub\sidscri-apps\KenpoFlashcardsWebServer_Packaged\build\kenpo_tray\AdvancedFlashcardsWebAppServer.exe
50128 INFO: Copying icon to EXE
50133 INFO: Copying 0 resources to EXE
50133 INFO: Embedding manifest in EXE
50138 INFO: Appending PKG archive to EXE
50145 INFO: Fixing EXE headers
50339 INFO: Building EXE from EXE-00.toc completed successfully.
50343 INFO: checking COLLECT
50343 INFO: Building COLLECT because COLLECT-00.toc is non existent
50344 INFO: Building COLLECT COLLECT-00.toc
50696 INFO: Building COLLECT COLLECT-00.toc completed successfully.
[INFO] Bundling version.json from: C:\Users\Sidscri\Documents\GitHub\sidscri-apps\KenpoFlashcardsWebServer_Packaged\version.json
[INFO] Bundling kenpo_words.json from: C:\Users\Sidscri\Documents\GitHub\sidscri-apps\KenpoFlashcardsWebServer_Packaged\packaging\build_data\kenpo_words.json
[5/5] Done
[Fri 02/06/2026 16:23:47.88] SUCCESS build_exe
