============================================================
ONE CLICK BUILD started: Fri 02/06/2026 16:22:04.83
Packaging folder: C:\Users\Sidscri\Documents\GitHub\sidscri-apps\KenpoFlashcardsWebServer_Packaged\packaging\
One-click folder: C:\Users\Sidscri\Documents\GitHub\sidscri-apps\KenpoFlashcardsWebServer_Packaged\packaging\one_click\
Master log     : C:\Users\Sidscri\Documents\GitHub\sidscri-apps\KenpoFlashcardsWebServer_Packaged\packaging\logs\build_all_20260206_162204.log
============================================================
[PROGRESS] 0% - Starting...
[PROGRESS] 10% - STEP 1/3: Pre Build of Build_Data

[STEP 1] Pre Build started: Fri 02/06/2026 16:22:04.88
[STEP 1] ExitCode=0
[STEP 1] Pre Build complete: Fri 02/06/2026 16:22:05.52
[PROGRESS] 33% - Pre Build complete
[PROGRESS] 40% - STEP 2/3: Build EXE

[STEP 2] Build EXE started: Fri 02/06/2026 16:22:05.55
[STEP 2] ExitCode=0
[STEP 2] Build EXE complete: Fri 02/06/2026 16:23:47.89
[PROGRESS] 66% - Build EXE complete
[PROGRESS] 75% - STEP 3/3: Build Installer (Inno)

[STEP 3] Build Installer started: Fri 02/06/2026 16:23:47.92
[STEP 3] ExitCode=0
[STEP 3] Build Installer complete: Fri 02/06/2026 16:23:55.08
[PROGRESS] 100% - ALL DONE

ONE CLICK BUILD SUCCESS: Fri 02/06/2026 16:23:55.10
