{
  "tool": "WebServerToPackaged",
  "dry_run": false,
  "bump_level": "minor",
  "webserver_version_before": {
    "name": "Advanced Flashcards WebAppServer",
    "version": "8.7.0",
    "build": 60,
    "released": "2026-02-05",
    "is_packaged": false,
    "notes": "8.7.0 (build 60): Roll-up release with AI generator instruction overrides + per-deck helper UI toggles, live example preview, and stability fixes (List views rendering, JS init, Edit Deck back button sizing)."
  },
  "packaged_version_after": {
    "version": "0.1.0",
    "build": 1
  },
  "copied": [
    "COPIED .gitattributes",
    "COPIED Advanced_Flashcards_WebAppServer_Audit_v8.3.0_to_v8.5.3_COLORCODED.docx",
    "COPIED app.py",
    "COPIED BRANDING_NOTE.md",
    "COPIED build56_audit.md",
    "COPIED CHANGELOG.md",
    "COPIED LICENSE",
    "COPIED README.md",
    "COPIED requirements.txt",
    "COPIED START_KenpoFlashcardsWebServer.bat",
    "COPIED Version-WebServer-v8.7.0-v60.txt",
    "COPIED version.json",
    "COPIED data\\admin_users.json",
    "COPIED data\\api_keys.enc",
    "COPIED data\\breakdowns.json",
    "COPIED data\\decks.json",
    "COPIED data\\deck_access.json",
    "COPIED data\\helper.json",
    "COPIED data\\kenpo_words.json",
    "COPIED data\\profiles.json",
    "COPIED data\\secret_key.txt",
    "COPIED data\\test advanced.txt",
    "COPIED data\\deck_cards\\deck_22e1482a\\cards.json",
    "COPIED data\\deck_cards\\deck_7bb3a7af\\cards.json",
    "COPIED data\\users\\0d881caa5ee8\\progress.json",
    "COPIED data\\users\\1cc70e61cd9e\\progress.json",
    "COPIED data\\users\\54af05fa7c22\\progress.json",
    "COPIED data\\users\\94b9dd732eef\\progress.json",
    "COPIED data\\users\\d58abe158e91\\progress.json",
    "COPIED data\\users\\f6d6ac67ac9d\\progress.json",
    "COPIED data\\user_cards\\1cc70e61cd9e\\cards.json",
    "COPIED data\\user_cards\\94b9dd732eef\\cards.json",
    "COPIED logs\\error.log.prev",
    "COPIED logs\\server.log.prev",
    "COPIED runtime\\app_paths.py",
    "COPIED runtime\\__init__.py",
    "COPIED static\\about.html",
    "COPIED static\\admin.html",
    "COPIED static\\ai-access.html",
    "COPIED static\\app.js",
    "COPIED static\\favicon.ico",
    "COPIED static\\index.html",
    "COPIED static\\robots.txt",
    "COPIED static\\sitemap.xml",
    "COPIED static\\styles.css",
    "COPIED static\\user-guide.html",
    "COPIED static\\.well-known\\security.txt",
    "COPIED static\\res\\decklogos\\advanced_flashcards_logo.png",
    "COPIED static\\res\\decklogos\\Kenpo Vovabulary Study Flashcards.png",
    "COPIED static\\res\\decklogos\\kenpo_vocabulary.png",
    "COPIED static\\res\\decklogos\\user\\1cc70e61cd9e\\deck_7bb3a7af_1769547768.jpg",
    "COPIED static\\res\\webappicons\\Advanced Flashcards logo.png",
    "COPIED static\\res\\webappicons\\advanced_flashcards_logo.png",
    "COPIED static\\res\\webappicons\\favicon-128.png",
    "COPIED static\\res\\webappicons\\favicon-16.png",
    "COPIED static\\res\\webappicons\\favicon-256.png",
    "COPIED static\\res\\webappicons\\favicon-32.png",
    "COPIED static\\res\\webappicons\\favicon-64.png",
    "COPIED static\\res\\webappicons\\favicon.ico",
    "DOC_APPENDED CHANGELOG.md",
    "DOC_APPENDED README.md"
  ],
  "skipped": [
    "DIR_SKIP .venv",
    "FILE_SKIP logs\\error.log",
    "FILE_SKIP logs\\server.log",
    "FILE_SKIP logs\\user_activity.log",
    "DIR_SKIP runtime\\__pycache__"
  ],
  "errors": [
    "packaged: version.json invalid JSON: Expecting ',' delimiter: line 10 column 3 (char 274)",
    "packaged: repair failed: Expecting ',' delimiter: line 10 column 3 (char 274)",
    "packaged: backed up invalid version.json to C:\\Users\\Sidscri\\Documents\\GitHub\\sidscri-apps\\KenpoFlashcardsWebServer_Packaged\\version.json.bad"
  ],
  "exit_code": 0,
  "timestamp": "20260205_145823"
}